{
  "stats": {
    "suites": 4,
    "tests": 9,
    "passes": 6,
    "pending": 0,
    "failures": 3,
    "start": "2021-11-30T18:37:28.824Z",
    "end": "2021-11-30T18:37:49.692Z",
    "duration": 20868,
    "testsRegistered": 9,
    "passPercent": 66.66666666666666,
    "pendingPercent": 0,
    "other": 0,
    "hasOther": false,
    "skipped": 0,
    "hasSkipped": false
  },
  "results": [
    {
      "uuid": "6f572f68-08f9-4bd4-b6b5-0c38d9d92d51",
      "title": "",
      "fullFile": "cypress/integration/bonus.spec.js",
      "file": "cypress/integration/bonus.spec.js",
      "beforeHooks": [],
      "afterHooks": [],
      "tests": [],
      "suites": [
        {
          "uuid": "af3c99cc-8c4f-40b6-838e-bdc07c7ced03",
          "title": "12 - Adicione uma tabela à página",
          "fullFile": "",
          "file": "",
          "beforeHooks": [],
          "afterHooks": [],
          "tests": [
            {
              "title": "A página deve possuir uma tabela",
              "fullTitle": "12 - Adicione uma tabela à página A página deve possuir uma tabela",
              "timedOut": null,
              "duration": 126,
              "state": "passed",
              "speed": "slow",
              "pass": true,
              "fail": false,
              "pending": false,
              "context": null,
              "code": "(0, _ActionBase.shouldExist)('table');",
              "err": {},
              "uuid": "a12b7e8e-adf4-4216-806e-aebc59a1587d",
              "parentUUID": "af3c99cc-8c4f-40b6-838e-bdc07c7ced03",
              "isHook": false,
              "skipped": false
            }
          ],
          "suites": [],
          "passes": [
            "a12b7e8e-adf4-4216-806e-aebc59a1587d"
          ],
          "failures": [],
          "pending": [],
          "skipped": [],
          "duration": 126,
          "root": false,
          "rootEmpty": false,
          "_timeout": 2000
        },
        {
          "uuid": "17bb3387-549f-4b08-909f-05ccb4e191f6",
          "title": "13 - Utilize o Box model",
          "fullFile": "",
          "file": "",
          "beforeHooks": [],
          "afterHooks": [],
          "tests": [
            {
              "title": "Altere `margin`, `padding` e `border` dos elementos para ver, na prática, como esses atributos influenciam e melhoram a visualização dos componentes",
              "fullTitle": "13 - Utilize o Box model Altere `margin`, `padding` e `border` dos elementos para ver, na prática, como esses atributos influenciam e melhoram a visualização dos componentes",
              "timedOut": null,
              "duration": 58,
              "state": "passed",
              "speed": "medium",
              "pass": true,
              "fail": false,
              "pending": false,
              "context": null,
              "code": "cy.readFile('./style.css').then(function (content) {\n  var styles = ['margin', 'padding', 'border'];\n  expect(styles.every(function (style) {\n    return content.match(style);\n  }), 'Do not match styles margin, padding and border').to.be[\"true\"];\n});",
              "err": {},
              "uuid": "f3e5676d-07be-4c78-8fdf-cf2cde41e20b",
              "parentUUID": "17bb3387-549f-4b08-909f-05ccb4e191f6",
              "isHook": false,
              "skipped": false
            }
          ],
          "suites": [],
          "passes": [
            "f3e5676d-07be-4c78-8fdf-cf2cde41e20b"
          ],
          "failures": [],
          "pending": [],
          "skipped": [],
          "duration": 58,
          "root": false,
          "rootEmpty": false,
          "_timeout": 2000
        },
        {
          "uuid": "72544275-acf6-43a5-8d8c-0aa8537da532",
          "title": "14 - Altere atributos relacionados as fontes",
          "fullFile": "",
          "file": "",
          "beforeHooks": [],
          "afterHooks": [],
          "tests": [
            {
              "title": "Altere o tamanho da letra",
              "fullTitle": "14 - Altere atributos relacionados as fontes Altere o tamanho da letra",
              "timedOut": null,
              "duration": 77,
              "state": "passed",
              "speed": "slow",
              "pass": true,
              "fail": false,
              "pending": false,
              "context": null,
              "code": "var styles = [/font:/, /font-size:/];\n(0, _ActionBase.verifyExistingStyle)(styles);",
              "err": {},
              "uuid": "41b7a2c0-d25a-4758-a827-9063aed42229",
              "parentUUID": "72544275-acf6-43a5-8d8c-0aa8537da532",
              "isHook": false,
              "skipped": false
            },
            {
              "title": "Altere a cor da letra",
              "fullTitle": "14 - Altere atributos relacionados as fontes Altere a cor da letra",
              "timedOut": null,
              "duration": 86,
              "state": "passed",
              "speed": "slow",
              "pass": true,
              "fail": false,
              "pending": false,
              "context": null,
              "code": "var styles = [/font:/, /[^-]color:/];\n(0, _ActionBase.verifyExistingStyle)(styles);",
              "err": {},
              "uuid": "87b36b0e-a040-43ee-aef0-c5ba2a2e2fc8",
              "parentUUID": "72544275-acf6-43a5-8d8c-0aa8537da532",
              "isHook": false,
              "skipped": false
            },
            {
              "title": "Altere o espaçamento entre as linhas",
              "fullTitle": "14 - Altere atributos relacionados as fontes Altere o espaçamento entre as linhas",
              "timedOut": null,
              "duration": 82,
              "state": "passed",
              "speed": "slow",
              "pass": true,
              "fail": false,
              "pending": false,
              "context": null,
              "code": "var styles = [/font:/, /line-height:/];\n(0, _ActionBase.verifyExistingStyle)(styles);",
              "err": {},
              "uuid": "cbe66415-aea1-474e-8cb5-f18c7ec4f867",
              "parentUUID": "72544275-acf6-43a5-8d8c-0aa8537da532",
              "isHook": false,
              "skipped": false
            },
            {
              "title": "Altere o `font-family`",
              "fullTitle": "14 - Altere atributos relacionados as fontes Altere o `font-family`",
              "timedOut": null,
              "duration": 92,
              "state": "passed",
              "speed": "slow",
              "pass": true,
              "fail": false,
              "pending": false,
              "context": null,
              "code": "var styles = [/font:/, /font-family:/];\n(0, _ActionBase.verifyExistingStyle)(styles);",
              "err": {},
              "uuid": "ceb7f244-4412-4ff0-8eb2-dec36fde89df",
              "parentUUID": "72544275-acf6-43a5-8d8c-0aa8537da532",
              "isHook": false,
              "skipped": false
            }
          ],
          "suites": [],
          "passes": [
            "41b7a2c0-d25a-4758-a827-9063aed42229",
            "87b36b0e-a040-43ee-aef0-c5ba2a2e2fc8",
            "cbe66415-aea1-474e-8cb5-f18c7ec4f867",
            "ceb7f244-4412-4ff0-8eb2-dec36fde89df"
          ],
          "failures": [],
          "pending": [],
          "skipped": [],
          "duration": 337,
          "root": false,
          "rootEmpty": false,
          "_timeout": 2000
        },
        {
          "uuid": "346277ad-c043-4bc4-ba71-7af5d2605b14",
          "title": "15 - Posicione o seu artigo e a seção sobre aprendizados um ao lado do outro",
          "fullFile": "",
          "file": "",
          "beforeHooks": [],
          "afterHooks": [],
          "tests": [
            {
              "title": "Utilizar a classe \"lado-esquerdo\"",
              "fullTitle": "15 - Posicione o seu artigo e a seção sobre aprendizados um ao lado do outro Utilizar a classe \"lado-esquerdo\"",
              "timedOut": null,
              "duration": 10098,
              "state": "failed",
              "speed": null,
              "pass": false,
              "fail": true,
              "pending": false,
              "context": null,
              "code": "(0, _ActionBase.shouldExist)('.lado-esquerdo');",
              "err": {
                "message": "AssertionError: Timed out retrying: Expected to find element: `.lado-esquerdo`, but never found it.",
                "estack": "AssertionError: Timed out retrying: Expected to find element: `.lado-esquerdo`, but never found it.\n    at shouldExist (http://localhost:40499/__cypress/tests?p=cypress/integration/bonus.spec.js:108:20)\n    at Context.eval (http://localhost:40499/__cypress/tests?p=cypress/integration/bonus.spec.js:190:33)",
                "diff": null
              },
              "uuid": "9088ee00-64c7-4756-8622-f799de8ea729",
              "parentUUID": "346277ad-c043-4bc4-ba71-7af5d2605b14",
              "isHook": false,
              "skipped": false
            },
            {
              "title": "Utilizar a classe \"lado-direito\"",
              "fullTitle": "15 - Posicione o seu artigo e a seção sobre aprendizados um ao lado do outro Utilizar a classe \"lado-direito\"",
              "timedOut": null,
              "duration": 10055,
              "state": "failed",
              "speed": null,
              "pass": false,
              "fail": true,
              "pending": false,
              "context": null,
              "code": "(0, _ActionBase.shouldExist)('.lado-direito');",
              "err": {
                "message": "AssertionError: Timed out retrying: Expected to find element: `.lado-direito`, but never found it.",
                "estack": "AssertionError: Timed out retrying: Expected to find element: `.lado-direito`, but never found it.\n    at shouldExist (http://localhost:40499/__cypress/tests?p=cypress/integration/bonus.spec.js:108:20)\n    at Context.eval (http://localhost:40499/__cypress/tests?p=cypress/integration/bonus.spec.js:193:33)",
                "diff": null
              },
              "uuid": "9f59a5be-2092-478e-bc83-78a2f57489e6",
              "parentUUID": "346277ad-c043-4bc4-ba71-7af5d2605b14",
              "isHook": false,
              "skipped": false
            },
            {
              "title": "Verificar se os elementos com as classes lado-direito e lado-esquerdo estão posicionados corretamente",
              "fullTitle": "15 - Posicione o seu artigo e a seção sobre aprendizados um ao lado do outro Verificar se os elementos com as classes lado-direito e lado-esquerdo estão posicionados corretamente",
              "timedOut": null,
              "duration": 66,
              "state": "failed",
              "speed": null,
              "pass": false,
              "fail": true,
              "pending": false,
              "context": null,
              "code": "cy.document().then(function (doc) {\n  var leftSide = {\n    top: (0, _ActionBase.evaluateOffset)(doc, '.lado-esquerdo', 'Top'),\n    height: (0, _ActionBase.evaluateOffset)(doc, '.lado-esquerdo', 'Height')\n  };\n  var rightSide = {\n    top: (0, _ActionBase.evaluateOffset)(doc, '.lado-direito', 'Top'),\n    height: (0, _ActionBase.evaluateOffset)(doc, '.lado-direito', 'Height')\n  };\n  expect((0, _ActionBase.isSidebySide)(leftSide, rightSide), 'Not side by side. *hint - search for float, width and positioning properties to achieve this requirement*').to.be[\"true\"];\n});",
              "err": {
                "message": "TypeError: Cannot read property 'offsetTop' of null",
                "estack": "TypeError: Cannot read property 'offsetTop' of null\n    at evaluateOffset (http://localhost:40499/__cypress/tests?p=cypress/integration/bonus.spec.js:112:37)\n    at Context.eval (http://localhost:40499/__cypress/tests?p=cypress/integration/bonus.spec.js:198:45)",
                "diff": null
              },
              "uuid": "93c9522c-f7b9-4b28-99d5-cfe5a23466b4",
              "parentUUID": "346277ad-c043-4bc4-ba71-7af5d2605b14",
              "isHook": false,
              "skipped": false
            }
          ],
          "suites": [],
          "passes": [],
          "failures": [
            "9088ee00-64c7-4756-8622-f799de8ea729",
            "9f59a5be-2092-478e-bc83-78a2f57489e6",
            "93c9522c-f7b9-4b28-99d5-cfe5a23466b4"
          ],
          "pending": [],
          "skipped": [],
          "duration": 20219,
          "root": false,
          "rootEmpty": false,
          "_timeout": 2000
        }
      ],
      "passes": [],
      "failures": [],
      "pending": [],
      "skipped": [],
      "duration": 0,
      "root": true,
      "rootEmpty": true,
      "_timeout": 2000
    }
  ],
  "meta": {
    "mocha": {
      "version": "7.0.1"
    },
    "mochawesome": {
      "options": {
        "quiet": false,
        "reportFilename": "mochawesome",
        "saveHtml": false,
        "saveJson": true,
        "consoleReporter": "spec",
        "useInlineDiffs": false
      },
      "version": "4.1.0"
    },
    "marge": {
      "options": {
        "id": "default",
        "reportDir": "cypress/reports",
        "overwrite": false,
        "html": false,
        "json": true
      },
      "version": "4.1.0"
    }
  }
}