{
  "stats": {
    "suites": 11,
    "tests": 22,
    "passes": 21,
    "pending": 0,
    "failures": 1,
    "start": "2021-11-30T18:37:50.887Z",
    "end": "2021-11-30T18:38:06.486Z",
    "duration": 15599,
    "testsRegistered": 22,
    "passPercent": 95.45454545454545,
    "pendingPercent": 0,
    "other": 0,
    "hasOther": false,
    "skipped": 0,
    "hasSkipped": false
  },
  "results": [
    {
      "uuid": "3ea1af15-c97a-4669-b958-6ea1c10f6d9d",
      "title": "",
      "fullFile": "cypress/integration/project.spec.js",
      "file": "cypress/integration/project.spec.js",
      "beforeHooks": [],
      "afterHooks": [],
      "tests": [],
      "suites": [
        {
          "uuid": "3e2c8eeb-885e-4c93-959c-7af385cc2aba",
          "title": "1 - Adicione uma cor de fundo específica para a página",
          "fullFile": "",
          "file": "",
          "beforeHooks": [],
          "afterHooks": [],
          "tests": [
            {
              "title": "Possuir cor de fundo: rgb(253, 251, 251)",
              "fullTitle": "1 - Adicione uma cor de fundo específica para a página Possuir cor de fundo: rgb(253, 251, 251)",
              "timedOut": null,
              "duration": 90,
              "state": "passed",
              "speed": "slow",
              "pass": true,
              "fail": false,
              "pending": false,
              "context": null,
              "code": "cy.get('body').should('have.css', 'backgroundColor', 'rgb(253, 251, 251)');",
              "err": {},
              "uuid": "005475cf-e45a-475e-b950-fdb8e8157264",
              "parentUUID": "3e2c8eeb-885e-4c93-959c-7af385cc2aba",
              "isHook": false,
              "skipped": false
            }
          ],
          "suites": [],
          "passes": [
            "005475cf-e45a-475e-b950-fdb8e8157264"
          ],
          "failures": [],
          "pending": [],
          "skipped": [],
          "duration": 90,
          "root": false,
          "rootEmpty": false,
          "_timeout": 2000
        },
        {
          "uuid": "bbc05991-7277-4d99-b710-3faefc1a860a",
          "title": "2 - Adicione uma barra superior com um título",
          "fullFile": "",
          "file": "",
          "beforeHooks": [],
          "afterHooks": [],
          "tests": [
            {
              "title": "A barra deve possuir o ID \"cabecalho\"",
              "fullTitle": "2 - Adicione uma barra superior com um título A barra deve possuir o ID \"cabecalho\"",
              "timedOut": null,
              "duration": 73,
              "state": "passed",
              "speed": "medium",
              "pass": true,
              "fail": false,
              "pending": false,
              "context": null,
              "code": "(0, _ActionBase.shouldExist)('#cabecalho');",
              "err": {},
              "uuid": "61a93a69-cbf9-46ac-82bf-9476611d2426",
              "parentUUID": "bbc05991-7277-4d99-b710-3faefc1a860a",
              "isHook": false,
              "skipped": false
            },
            {
              "title": "A barra superior deve ser fixa no topo da página, com a propriedade top tendo o valor `0`",
              "fullTitle": "2 - Adicione uma barra superior com um título A barra superior deve ser fixa no topo da página, com a propriedade top tendo o valor `0`",
              "timedOut": null,
              "duration": 69,
              "state": "passed",
              "speed": "medium",
              "pass": true,
              "fail": false,
              "pending": false,
              "context": null,
              "code": "cy.get('#cabecalho').should('have.css', 'position', 'fixed').should('have.css', 'top', '0px');",
              "err": {},
              "uuid": "0d394512-b774-48a9-8e88-5535bd889f24",
              "parentUUID": "bbc05991-7277-4d99-b710-3faefc1a860a",
              "isHook": false,
              "skipped": false
            },
            {
              "title": "O título deve estar dentro da barra e possuir o ID \"titulo\", além de ser uma tag \"h1\"",
              "fullTitle": "2 - Adicione uma barra superior com um título O título deve estar dentro da barra e possuir o ID \"titulo\", além de ser uma tag \"h1\"",
              "timedOut": null,
              "duration": 57,
              "state": "passed",
              "speed": "medium",
              "pass": true,
              "fail": false,
              "pending": false,
              "context": null,
              "code": "(0, _ActionBase.shouldExist)('#cabecalho h1#titulo');",
              "err": {},
              "uuid": "ed146c60-789b-4163-aee0-881af9490198",
              "parentUUID": "bbc05991-7277-4d99-b710-3faefc1a860a",
              "isHook": false,
              "skipped": false
            }
          ],
          "suites": [],
          "passes": [
            "61a93a69-cbf9-46ac-82bf-9476611d2426",
            "0d394512-b774-48a9-8e88-5535bd889f24",
            "ed146c60-789b-4163-aee0-881af9490198"
          ],
          "failures": [],
          "pending": [],
          "skipped": [],
          "duration": 199,
          "root": false,
          "rootEmpty": false,
          "_timeout": 2000
        },
        {
          "uuid": "023bb673-ba4e-470c-a1ff-a312276a929f",
          "title": "3 - Adicione uma foto sua à página",
          "fullFile": "",
          "file": "",
          "beforeHooks": [],
          "afterHooks": [],
          "tests": [
            {
              "title": "A foto deve ser inserida utilizando uma tag img com o ID \"minha_foto\"",
              "fullTitle": "3 - Adicione uma foto sua à página A foto deve ser inserida utilizando uma tag img com o ID \"minha_foto\"",
              "timedOut": null,
              "duration": 82,
              "state": "passed",
              "speed": "slow",
              "pass": true,
              "fail": false,
              "pending": false,
              "context": null,
              "code": "cy.get('img#minha_foto').should('have.attr', 'src');",
              "err": {},
              "uuid": "bca7e5a9-46c7-4f68-91fb-37513d14e4f7",
              "parentUUID": "023bb673-ba4e-470c-a1ff-a312276a929f",
              "isHook": false,
              "skipped": false
            }
          ],
          "suites": [],
          "passes": [
            "bca7e5a9-46c7-4f68-91fb-37513d14e4f7"
          ],
          "failures": [],
          "pending": [],
          "skipped": [],
          "duration": 82,
          "root": false,
          "rootEmpty": false,
          "_timeout": 2000
        },
        {
          "uuid": "45624008-9b4c-4a72-b53e-0bff734f8185",
          "title": "4 - Adicione uma lista de lições aprendidas à página",
          "fullFile": "",
          "file": "",
          "beforeHooks": [],
          "afterHooks": [],
          "tests": [
            {
              "title": "A lista deve ser numerada e possuir o ID \"licoes_aprendidas\"",
              "fullTitle": "4 - Adicione uma lista de lições aprendidas à página A lista deve ser numerada e possuir o ID \"licoes_aprendidas\"",
              "timedOut": null,
              "duration": 77,
              "state": "passed",
              "speed": "slow",
              "pass": true,
              "fail": false,
              "pending": false,
              "context": null,
              "code": "(0, _ActionBase.shouldExist)('ol#licoes_aprendidas');",
              "err": {},
              "uuid": "1755fa14-0454-49da-82e8-bbc7027cdff0",
              "parentUUID": "45624008-9b4c-4a72-b53e-0bff734f8185",
              "isHook": false,
              "skipped": false
            },
            {
              "title": "A lista deve possuir 10 itens",
              "fullTitle": "4 - Adicione uma lista de lições aprendidas à página A lista deve possuir 10 itens",
              "timedOut": null,
              "duration": 79,
              "state": "passed",
              "speed": "slow",
              "pass": true,
              "fail": false,
              "pending": false,
              "context": null,
              "code": "cy.get('ol#licoes_aprendidas').find('li').should('have.length', 10);",
              "err": {},
              "uuid": "a50f6f4c-31f4-4b9b-932c-d49cec3efe0f",
              "parentUUID": "45624008-9b4c-4a72-b53e-0bff734f8185",
              "isHook": false,
              "skipped": false
            }
          ],
          "suites": [],
          "passes": [
            "1755fa14-0454-49da-82e8-bbc7027cdff0",
            "a50f6f4c-31f4-4b9b-932c-d49cec3efe0f"
          ],
          "failures": [],
          "pending": [],
          "skipped": [],
          "duration": 156,
          "root": false,
          "rootEmpty": false,
          "_timeout": 2000
        },
        {
          "uuid": "1ed823e9-4f85-4206-aa1c-6c09abbfd851",
          "title": "5 - Crie uma lista de lições que ainda deseja aprender para a página",
          "fullFile": "",
          "file": "",
          "beforeHooks": [],
          "afterHooks": [],
          "tests": [
            {
              "title": "A lista não deve ser numerada e deve possuir o ID \"licoes_a_aprender\"",
              "fullTitle": "5 - Crie uma lista de lições que ainda deseja aprender para a página A lista não deve ser numerada e deve possuir o ID \"licoes_a_aprender\"",
              "timedOut": null,
              "duration": 79,
              "state": "passed",
              "speed": "slow",
              "pass": true,
              "fail": false,
              "pending": false,
              "context": null,
              "code": "(0, _ActionBase.shouldExist)('ul#licoes_a_aprender');",
              "err": {},
              "uuid": "229d1deb-7a49-4ee4-acc9-e3b4af16c1c2",
              "parentUUID": "1ed823e9-4f85-4206-aa1c-6c09abbfd851",
              "isHook": false,
              "skipped": false
            },
            {
              "title": "A lista deve possuir 10 itens",
              "fullTitle": "5 - Crie uma lista de lições que ainda deseja aprender para a página A lista deve possuir 10 itens",
              "timedOut": null,
              "duration": 79,
              "state": "passed",
              "speed": "slow",
              "pass": true,
              "fail": false,
              "pending": false,
              "context": null,
              "code": "cy.get('ul#licoes_a_aprender').find('li').should('have.length', 10);",
              "err": {},
              "uuid": "efa8a07b-6e53-4b10-8f30-54ffdf02bc22",
              "parentUUID": "1ed823e9-4f85-4206-aa1c-6c09abbfd851",
              "isHook": false,
              "skipped": false
            }
          ],
          "suites": [],
          "passes": [
            "229d1deb-7a49-4ee4-acc9-e3b4af16c1c2",
            "efa8a07b-6e53-4b10-8f30-54ffdf02bc22"
          ],
          "failures": [],
          "pending": [],
          "skipped": [],
          "duration": 158,
          "root": false,
          "rootEmpty": false,
          "_timeout": 2000
        },
        {
          "uuid": "7adee142-7d94-4c6f-8e5f-047b838a9a53",
          "title": "6 - Adicione um rodapé para a página",
          "fullFile": "",
          "file": "",
          "beforeHooks": [],
          "afterHooks": [],
          "tests": [
            {
              "title": "O rodapé deve possuir o ID \"rodape\"",
              "fullTitle": "6 - Adicione um rodapé para a página O rodapé deve possuir o ID \"rodape\"",
              "timedOut": null,
              "duration": 80,
              "state": "passed",
              "speed": "slow",
              "pass": true,
              "fail": false,
              "pending": false,
              "context": null,
              "code": "cy.get('footer#rodape').should('exist');",
              "err": {},
              "uuid": "889b068c-f9dd-479f-911d-f2638c044c7d",
              "parentUUID": "7adee142-7d94-4c6f-8e5f-047b838a9a53",
              "isHook": false,
              "skipped": false
            }
          ],
          "suites": [],
          "passes": [
            "889b068c-f9dd-479f-911d-f2638c044c7d"
          ],
          "failures": [],
          "pending": [],
          "skipped": [],
          "duration": 80,
          "root": false,
          "rootEmpty": false,
          "_timeout": 2000
        },
        {
          "uuid": "42a23673-bc7d-42ce-8192-baeb461179fa",
          "title": "7 - Insira pelo menos um link externo na página",
          "fullFile": "",
          "file": "",
          "beforeHooks": [],
          "afterHooks": [],
          "tests": [
            {
              "title": "A configuração desse link deve ser feita para abrir em uma nova aba do navegador",
              "fullTitle": "7 - Insira pelo menos um link externo na página A configuração desse link deve ser feita para abrir em uma nova aba do navegador",
              "timedOut": null,
              "duration": 87,
              "state": "passed",
              "speed": "slow",
              "pass": true,
              "fail": false,
              "pending": false,
              "context": null,
              "code": "cy.get('a').then(function (a) {\n  var actual = Array.from(a).some(function (element) {\n    return element.target === '_blank' && element.href !== '';\n  });\n  expect(actual).to.be[\"true\"];\n});",
              "err": {},
              "uuid": "7575378d-bde7-4d10-93d3-6a3780d1fa43",
              "parentUUID": "42a23673-bc7d-42ce-8192-baeb461179fa",
              "isHook": false,
              "skipped": false
            }
          ],
          "suites": [],
          "passes": [
            "7575378d-bde7-4d10-93d3-6a3780d1fa43"
          ],
          "failures": [],
          "pending": [],
          "skipped": [],
          "duration": 87,
          "root": false,
          "rootEmpty": false,
          "_timeout": 2000
        },
        {
          "uuid": "deed7647-e0f1-4c89-851e-3a73014d3f6b",
          "title": "8 - Crie um artigo sobre seu aprendizado",
          "fullFile": "",
          "file": "",
          "beforeHooks": [],
          "afterHooks": [],
          "tests": [
            {
              "title": "A `tag` `article` devem ser utilizadas",
              "fullTitle": "8 - Crie um artigo sobre seu aprendizado A `tag` `article` devem ser utilizadas",
              "timedOut": null,
              "duration": 77,
              "state": "passed",
              "speed": "slow",
              "pass": true,
              "fail": false,
              "pending": false,
              "context": null,
              "code": "(0, _ActionBase.shouldExist)('article');",
              "err": {},
              "uuid": "34027be3-88c6-43c6-aba2-1a75bc075b12",
              "parentUUID": "deed7647-e0f1-4c89-851e-3a73014d3f6b",
              "isHook": false,
              "skipped": false
            },
            {
              "title": "O artigo deve ter mais de 300 caracteres e menos de 600",
              "fullTitle": "8 - Crie um artigo sobre seu aprendizado O artigo deve ter mais de 300 caracteres e menos de 600",
              "timedOut": null,
              "duration": 81,
              "state": "passed",
              "speed": "slow",
              "pass": true,
              "fail": false,
              "pending": false,
              "context": null,
              "code": "cy.get('article').invoke('text').then(function (text) {\n  expect(text).to.have.length.of.at.most(600);\n  expect(text).to.have.length.of.at.above(300);\n});",
              "err": {},
              "uuid": "20e05ff4-b805-4c20-a63e-cf20ac1815e1",
              "parentUUID": "deed7647-e0f1-4c89-851e-3a73014d3f6b",
              "isHook": false,
              "skipped": false
            }
          ],
          "suites": [],
          "passes": [
            "34027be3-88c6-43c6-aba2-1a75bc075b12",
            "20e05ff4-b805-4c20-a63e-cf20ac1815e1"
          ],
          "failures": [],
          "pending": [],
          "skipped": [],
          "duration": 158,
          "root": false,
          "rootEmpty": false,
          "_timeout": 2000
        },
        {
          "uuid": "f6d60a81-9e5d-476c-8f28-607b3e377f01",
          "title": "9 - Crie uma seção que conta uma passagem sobre seu aprendizado",
          "fullFile": "",
          "file": "",
          "beforeHooks": [],
          "afterHooks": [],
          "tests": [
            {
              "title": "A `tag` `aside` deve ser utilizada",
              "fullTitle": "9 - Crie uma seção que conta uma passagem sobre seu aprendizado A `tag` `aside` deve ser utilizada",
              "timedOut": null,
              "duration": 71,
              "state": "passed",
              "speed": "medium",
              "pass": true,
              "fail": false,
              "pending": false,
              "context": null,
              "code": "(0, _ActionBase.shouldExist)('aside');",
              "err": {},
              "uuid": "a881eaa0-895e-45f1-af2e-c654da54d615",
              "parentUUID": "f6d60a81-9e5d-476c-8f28-607b3e377f01",
              "isHook": false,
              "skipped": false
            },
            {
              "title": "A seção deve ter mais que 100 caracteres e menos que 300",
              "fullTitle": "9 - Crie uma seção que conta uma passagem sobre seu aprendizado A seção deve ter mais que 100 caracteres e menos que 300",
              "timedOut": null,
              "duration": 68,
              "state": "passed",
              "speed": "medium",
              "pass": true,
              "fail": false,
              "pending": false,
              "context": null,
              "code": "cy.get('aside').invoke('text').then(function (text) {\n  expect(text).to.have.length.of.at.above(100);\n  expect(text).to.have.length.of.at.most(300);\n});",
              "err": {},
              "uuid": "56edfa8a-0799-43fb-938c-6269d91502c1",
              "parentUUID": "f6d60a81-9e5d-476c-8f28-607b3e377f01",
              "isHook": false,
              "skipped": false
            }
          ],
          "suites": [],
          "passes": [
            "a881eaa0-895e-45f1-af2e-c654da54d615",
            "56edfa8a-0799-43fb-938c-6269d91502c1"
          ],
          "failures": [],
          "pending": [],
          "skipped": [],
          "duration": 139,
          "root": false,
          "rootEmpty": false,
          "_timeout": 2000
        },
        {
          "uuid": "a21df3ff-7cf7-4e2d-b993-3d9beda25557",
          "title": "10 - Aplique elementos HTML de acordo com o sentido e propósito de cada um deles",
          "fullFile": "",
          "file": "",
          "beforeHooks": [],
          "afterHooks": [],
          "tests": [
            {
              "title": "Validar se a página possui um elemento \"article\"",
              "fullTitle": "10 - Aplique elementos HTML de acordo com o sentido e propósito de cada um deles Validar se a página possui um elemento \"article\"",
              "timedOut": null,
              "duration": 81,
              "state": "passed",
              "speed": "slow",
              "pass": true,
              "fail": false,
              "pending": false,
              "context": null,
              "code": "(0, _ActionBase.shouldExist)('article');",
              "err": {},
              "uuid": "45e794cb-044a-45cf-b612-a91205b4ddc8",
              "parentUUID": "a21df3ff-7cf7-4e2d-b993-3d9beda25557",
              "isHook": false,
              "skipped": false
            },
            {
              "title": "Validar se a página possui um elemento \"header\"",
              "fullTitle": "10 - Aplique elementos HTML de acordo com o sentido e propósito de cada um deles Validar se a página possui um elemento \"header\"",
              "timedOut": null,
              "duration": 66,
              "state": "passed",
              "speed": "medium",
              "pass": true,
              "fail": false,
              "pending": false,
              "context": null,
              "code": "(0, _ActionBase.shouldExist)('header');",
              "err": {},
              "uuid": "21264cae-13a6-4265-8877-33c43878497d",
              "parentUUID": "a21df3ff-7cf7-4e2d-b993-3d9beda25557",
              "isHook": false,
              "skipped": false
            },
            {
              "title": "Validar se a página possui um elemento \"nav\"",
              "fullTitle": "10 - Aplique elementos HTML de acordo com o sentido e propósito de cada um deles Validar se a página possui um elemento \"nav\"",
              "timedOut": null,
              "duration": 63,
              "state": "passed",
              "speed": "medium",
              "pass": true,
              "fail": false,
              "pending": false,
              "context": null,
              "code": "(0, _ActionBase.shouldExist)('nav');",
              "err": {},
              "uuid": "3cd59f62-d5f2-4d96-abb2-4d2ead03cc6e",
              "parentUUID": "a21df3ff-7cf7-4e2d-b993-3d9beda25557",
              "isHook": false,
              "skipped": false
            },
            {
              "title": "Validar se a página possui um elemento \"section\"",
              "fullTitle": "10 - Aplique elementos HTML de acordo com o sentido e propósito de cada um deles Validar se a página possui um elemento \"section\"",
              "timedOut": null,
              "duration": 57,
              "state": "passed",
              "speed": "medium",
              "pass": true,
              "fail": false,
              "pending": false,
              "context": null,
              "code": "(0, _ActionBase.shouldExist)('section');",
              "err": {},
              "uuid": "11d4ad20-44b7-4b9d-b42a-86aa16a56b05",
              "parentUUID": "a21df3ff-7cf7-4e2d-b993-3d9beda25557",
              "isHook": false,
              "skipped": false
            },
            {
              "title": "Validar se a página possui um elemento \"aside\"",
              "fullTitle": "10 - Aplique elementos HTML de acordo com o sentido e propósito de cada um deles Validar se a página possui um elemento \"aside\"",
              "timedOut": null,
              "duration": 61,
              "state": "passed",
              "speed": "medium",
              "pass": true,
              "fail": false,
              "pending": false,
              "context": null,
              "code": "(0, _ActionBase.shouldExist)('aside');",
              "err": {},
              "uuid": "3812f51f-70f1-45e4-85d2-c13981424f95",
              "parentUUID": "a21df3ff-7cf7-4e2d-b993-3d9beda25557",
              "isHook": false,
              "skipped": false
            },
            {
              "title": "Validar se a página possui um elemento \"footer\"",
              "fullTitle": "10 - Aplique elementos HTML de acordo com o sentido e propósito de cada um deles Validar se a página possui um elemento \"footer\"",
              "timedOut": null,
              "duration": 67,
              "state": "passed",
              "speed": "medium",
              "pass": true,
              "fail": false,
              "pending": false,
              "context": null,
              "code": "(0, _ActionBase.shouldExist)('footer');",
              "err": {},
              "uuid": "76befdd8-d06f-4fc7-bd80-a6961a18b60c",
              "parentUUID": "a21df3ff-7cf7-4e2d-b993-3d9beda25557",
              "isHook": false,
              "skipped": false
            }
          ],
          "suites": [],
          "passes": [
            "45e794cb-044a-45cf-b612-a91205b4ddc8",
            "21264cae-13a6-4265-8877-33c43878497d",
            "3cd59f62-d5f2-4d96-abb2-4d2ead03cc6e",
            "11d4ad20-44b7-4b9d-b42a-86aa16a56b05",
            "3812f51f-70f1-45e4-85d2-c13981424f95",
            "76befdd8-d06f-4fc7-bd80-a6961a18b60c"
          ],
          "failures": [],
          "pending": [],
          "skipped": [],
          "duration": 395,
          "root": false,
          "rootEmpty": false,
          "_timeout": 2000
        },
        {
          "uuid": "df00e7c5-49b5-4098-95e7-7eed5e597745",
          "title": "11 - Teste a semântica da sua página está aprovada pelo site CodeSniffer",
          "fullFile": "",
          "file": "",
          "beforeHooks": [],
          "afterHooks": [],
          "tests": [
            {
              "title": "Seu site deve passar sem problemas na verificação de semântica do site CodeSniffer",
              "fullTitle": "11 - Teste a semântica da sua página está aprovada pelo site CodeSniffer Seu site deve passar sem problemas na verificação de semântica do site CodeSniffer",
              "timedOut": null,
              "duration": 12659,
              "state": "failed",
              "speed": null,
              "pass": false,
              "fail": true,
              "pending": false,
              "context": null,
              "code": "cy.readFile('./index.html').then(function (content) {\n  cy.visit('http://squizlabs.github.io/HTML_CodeSniffer/');\n  cy.get('#runHTMLCS').click();\n  cy.get('#source').invoke('val', content).trigger('input');\n  cy.get('#run-button').click();\n  cy.get('.result-count-errors').contains(/^0$/);\n});",
              "err": {
                "message": "AssertionError: Timed out retrying: Expected to find content: '/^0$/' within the element: <span.result-count.result-count-errors> but never did.",
                "estack": "AssertionError: Timed out retrying: Expected to find content: '/^0$/' within the element: <span.result-count.result-count-errors> but never did.\n    at Context.eval (http://squizlabs.github.io/__cypress/tests?p=cypress/integration/project.spec.js:274:38)",
                "diff": null
              },
              "uuid": "bcbbfbf8-85e1-4fba-81b8-b71a526f8c34",
              "parentUUID": "df00e7c5-49b5-4098-95e7-7eed5e597745",
              "isHook": false,
              "skipped": false
            }
          ],
          "suites": [],
          "passes": [],
          "failures": [
            "bcbbfbf8-85e1-4fba-81b8-b71a526f8c34"
          ],
          "pending": [],
          "skipped": [],
          "duration": 12659,
          "root": false,
          "rootEmpty": false,
          "_timeout": 2000
        }
      ],
      "passes": [],
      "failures": [],
      "pending": [],
      "skipped": [],
      "duration": 0,
      "root": true,
      "rootEmpty": true,
      "_timeout": 2000
    }
  ],
  "meta": {
    "mocha": {
      "version": "7.0.1"
    },
    "mochawesome": {
      "options": {
        "quiet": false,
        "reportFilename": "mochawesome",
        "saveHtml": false,
        "saveJson": true,
        "consoleReporter": "spec",
        "useInlineDiffs": false
      },
      "version": "4.1.0"
    },
    "marge": {
      "options": {
        "id": "default",
        "reportDir": "cypress/reports",
        "overwrite": false,
        "html": false,
        "json": true
      },
      "version": "4.1.0"
    }
  }
}