{
  "stats": {
    "suites": 12,
    "tests": 41,
    "passes": 26,
    "pending": 0,
    "failures": 15,
    "start": "2022-01-07T19:18:26.454Z",
    "end": "2022-01-07T19:19:55.030Z",
    "duration": 88576,
    "testsRegistered": 41,
    "passPercent": 63.41463414634146,
    "pendingPercent": 0,
    "other": 0,
    "hasOther": false,
    "skipped": 0,
    "hasSkipped": false
  },
  "results": [
    {
      "uuid": "d8803d95-6228-4eff-aeb0-f0afe6a20d57",
      "title": "",
      "fullFile": "cypress/integration/project.spec.js",
      "file": "cypress/integration/project.spec.js",
      "beforeHooks": [],
      "afterHooks": [],
      "tests": [],
      "suites": [
        {
          "uuid": "592c63e6-5745-4a90-98ff-88217e48e18f",
          "title": "1 - Adicione à página o título \"Paleta de Cores\".",
          "fullFile": "",
          "file": "",
          "beforeHooks": [],
          "afterHooks": [],
          "tests": [
            {
              "title": "Verifica se contém um elemento `h1` com o id `title` com o título correto",
              "fullTitle": "1 - Adicione à página o título \"Paleta de Cores\". Verifica se contém um elemento `h1` com o id `title` com o título correto",
              "timedOut": null,
              "duration": 186,
              "state": "passed",
              "speed": "slow",
              "pass": true,
              "fail": false,
              "pending": false,
              "context": null,
              "code": "cy.get('h1#title').should('contain.text', 'Paleta de Cores');",
              "err": {},
              "uuid": "7966f261-9acd-4423-8331-2fb1e568a8bd",
              "parentUUID": "592c63e6-5745-4a90-98ff-88217e48e18f",
              "isHook": false,
              "skipped": false
            }
          ],
          "suites": [],
          "passes": [
            "7966f261-9acd-4423-8331-2fb1e568a8bd"
          ],
          "failures": [],
          "pending": [],
          "skipped": [],
          "duration": 186,
          "root": false,
          "rootEmpty": false,
          "_timeout": 2000
        },
        {
          "uuid": "81d263a7-9659-4d14-9817-78c9ed1dd848",
          "title": "2 - Adicione à página uma paleta de quatro cores distintas.",
          "fullFile": "",
          "file": "",
          "beforeHooks": [],
          "afterHooks": [],
          "tests": [
            {
              "title": "A paleta de cores deve ser um elemento com `id` denominado `color-palette`",
              "fullTitle": "2 - Adicione à página uma paleta de quatro cores distintas. A paleta de cores deve ser um elemento com `id` denominado `color-palette`",
              "timedOut": null,
              "duration": 193,
              "state": "passed",
              "speed": "slow",
              "pass": true,
              "fail": false,
              "pending": false,
              "context": null,
              "code": "cy.get('#color-palette').should('be.visible');\ncy.get('#color-palette').children('.color');",
              "err": {},
              "uuid": "fab2ed35-fbe1-4ad1-ab05-3497e34f5ff9",
              "parentUUID": "81d263a7-9659-4d14-9817-78c9ed1dd848",
              "isHook": false,
              "skipped": false
            },
            {
              "title": "Verifica se cada cor individual da paleta de cores possui a `classe` chamada `color`.",
              "fullTitle": "2 - Adicione à página uma paleta de quatro cores distintas. Verifica se cada cor individual da paleta de cores possui a `classe` chamada `color`.",
              "timedOut": null,
              "duration": 193,
              "state": "passed",
              "speed": "slow",
              "pass": true,
              "fail": false,
              "pending": false,
              "context": null,
              "code": "cy.get('.color').should('have.length', 4).then(function (colors) {\n  for (var i = 0; i < colors.length; i++) {\n    cy.wrap(colors[i]).should('be.visible');\n  }\n});",
              "err": {},
              "uuid": "ae24ab98-e47a-486c-b0d6-2cd744192872",
              "parentUUID": "81d263a7-9659-4d14-9817-78c9ed1dd848",
              "isHook": false,
              "skipped": false
            },
            {
              "title": "Verifica se a cor de fundo de cada elemento da paleta é a cor que o elemento representa. **A única cor não permitida na paleta é a cor branca.**",
              "fullTitle": "2 - Adicione à página uma paleta de quatro cores distintas. Verifica se a cor de fundo de cada elemento da paleta é a cor que o elemento representa. **A única cor não permitida na paleta é a cor branca.**",
              "timedOut": null,
              "duration": 159,
              "state": "passed",
              "speed": "slow",
              "pass": true,
              "fail": false,
              "pending": false,
              "context": null,
              "code": "cy.get('.color').each(function (color) {\n  cy.wrap(color).should('have.class', 'color').and('not.have.css', 'background-color', WHITE);\n  cy.wrap(color).should('have.css', 'background-color');\n});",
              "err": {},
              "uuid": "e34eb1a5-94b0-4c01-a613-0767fbfab8e6",
              "parentUUID": "81d263a7-9659-4d14-9817-78c9ed1dd848",
              "isHook": false,
              "skipped": false
            },
            {
              "title": "Verifica se cada elemento da paleta de cores tem uma borda preta, sólida e com 1 pixel de largura;",
              "fullTitle": "2 - Adicione à página uma paleta de quatro cores distintas. Verifica se cada elemento da paleta de cores tem uma borda preta, sólida e com 1 pixel de largura;",
              "timedOut": null,
              "duration": 186,
              "state": "passed",
              "speed": "slow",
              "pass": true,
              "fail": false,
              "pending": false,
              "context": null,
              "code": "cy.get('.color').each(function (color) {\n  cy.wrap(color).and('have.css', 'border', \"1px solid \".concat(BLACK)).and('have.class', 'color');\n});",
              "err": {},
              "uuid": "78b6f658-3325-45e0-8288-873e3874aa29",
              "parentUUID": "81d263a7-9659-4d14-9817-78c9ed1dd848",
              "isHook": false,
              "skipped": false
            },
            {
              "title": "Verifica se a paleta lista todas as cores disponíveis para utilização, lado a lado.",
              "fullTitle": "2 - Adicione à página uma paleta de quatro cores distintas. Verifica se a paleta lista todas as cores disponíveis para utilização, lado a lado.",
              "timedOut": null,
              "duration": 115,
              "state": "passed",
              "speed": "slow",
              "pass": true,
              "fail": false,
              "pending": false,
              "context": null,
              "code": "cy.get('.color').then(function (colors) {\n  for (var index = 1; index < colors.length; index += 1) {\n    var currentColor = colors[index];\n    var previousColor = colors[index - 1];\n    cy.wrap(currentColor).should('be.onTheRightOf', previousColor).and('be.horizontallyAlignedWith', previousColor);\n  }\n});",
              "err": {},
              "uuid": "df88fe90-b526-425d-baee-95d04c7319dc",
              "parentUUID": "81d263a7-9659-4d14-9817-78c9ed1dd848",
              "isHook": false,
              "skipped": false
            },
            {
              "title": "Verifica se a paleta de cores está posicionada abaixo do título 'Paleta de Cores'",
              "fullTitle": "2 - Adicione à página uma paleta de quatro cores distintas. Verifica se a paleta de cores está posicionada abaixo do título 'Paleta de Cores'",
              "timedOut": null,
              "duration": 152,
              "state": "passed",
              "speed": "slow",
              "pass": true,
              "fail": false,
              "pending": false,
              "context": null,
              "code": "cy.get('h1#title').then(function (title) {\n  cy.get('#color-palette').should('be.belowOf', title);\n});",
              "err": {},
              "uuid": "dedbabcd-4d96-4205-9a8d-fba443d49d9d",
              "parentUUID": "81d263a7-9659-4d14-9817-78c9ed1dd848",
              "isHook": false,
              "skipped": false
            },
            {
              "title": "Verifica se a paleta de cores não contém cores repetidas.",
              "fullTitle": "2 - Adicione à página uma paleta de quatro cores distintas. Verifica se a paleta de cores não contém cores repetidas.",
              "timedOut": null,
              "duration": 113,
              "state": "passed",
              "speed": "slow",
              "pass": true,
              "fail": false,
              "pending": false,
              "context": null,
              "code": "cy.get('.color').then(function (colors) {\n  var allColors = Array.from(colors).map(function (color) {\n    return Cypress.$(color).css('background-color');\n  });\n  cy.log(allColors);\n  var uniqColors = (0, _toConsumableArray2[\"default\"])(new Set(allColors));\n  cy.log(uniqColors);\n  expect(allColors.length).to.eq(uniqColors.length);\n});",
              "err": {},
              "uuid": "7b89d613-da98-4a14-973a-6ada0e4afce5",
              "parentUUID": "81d263a7-9659-4d14-9817-78c9ed1dd848",
              "isHook": false,
              "skipped": false
            }
          ],
          "suites": [],
          "passes": [
            "fab2ed35-fbe1-4ad1-ab05-3497e34f5ff9",
            "ae24ab98-e47a-486c-b0d6-2cd744192872",
            "e34eb1a5-94b0-4c01-a613-0767fbfab8e6",
            "78b6f658-3325-45e0-8288-873e3874aa29",
            "df88fe90-b526-425d-baee-95d04c7319dc",
            "dedbabcd-4d96-4205-9a8d-fba443d49d9d",
            "7b89d613-da98-4a14-973a-6ada0e4afce5"
          ],
          "failures": [],
          "pending": [],
          "skipped": [],
          "duration": 1111,
          "root": false,
          "rootEmpty": false,
          "_timeout": 2000
        },
        {
          "uuid": "8f50c4b7-fe28-4a5f-8051-ec5180211039",
          "title": "3 - Adicione a cor **preta** como a primeira cor da paleta de cores.",
          "fullFile": "",
          "file": "",
          "beforeHooks": [],
          "afterHooks": [],
          "tests": [
            {
              "title": "Verifica se a primeira cor da paleta é preta",
              "fullTitle": "3 - Adicione a cor **preta** como a primeira cor da paleta de cores. Verifica se a primeira cor da paleta é preta",
              "timedOut": null,
              "duration": 173,
              "state": "passed",
              "speed": "slow",
              "pass": true,
              "fail": false,
              "pending": false,
              "context": null,
              "code": "cy.get('.color').first().should('have.css', 'background-color', BLACK);",
              "err": {},
              "uuid": "e6fdb388-ed34-4383-85e4-9c1e2c85a8b4",
              "parentUUID": "8f50c4b7-fe28-4a5f-8051-ec5180211039",
              "isHook": false,
              "skipped": false
            },
            {
              "title": "Verifica se as demais cores podem ser escolhidas livremente.",
              "fullTitle": "3 - Adicione a cor **preta** como a primeira cor da paleta de cores. Verifica se as demais cores podem ser escolhidas livremente.",
              "timedOut": null,
              "duration": 201,
              "state": "passed",
              "speed": "slow",
              "pass": true,
              "fail": false,
              "pending": false,
              "context": null,
              "code": "cy.get('.color').eq(1).should('not.have.css', 'background-color', BLACK);\ncy.get('.color').eq(1).should('not.have.css', 'background-color', WHITE);\ncy.get('.color').eq(1).should('not.have.css', 'background-color', 'rgba(0, 0, 0, 0)');\ncy.get('.color').eq(1).should('have.css', 'background-color');\ncy.get('.color').eq(2).should('not.have.css', 'background-color', BLACK);\ncy.get('.color').eq(2).should('not.have.css', 'background-color', WHITE);\ncy.get('.color').eq(2).should('not.have.css', 'background-color', 'rgba(0, 0, 0, 0)');\ncy.get('.color').eq(2).should('have.css', 'background-color');\ncy.get('.color').eq(3).should('not.have.css', 'background-color', BLACK);\ncy.get('.color').eq(3).should('not.have.css', 'background-color', WHITE);\ncy.get('.color').eq(3).should('not.have.css', 'background-color', 'rgba(0, 0, 0, 0)');\ncy.get('.color').eq(3).should('have.css', 'background-color');",
              "err": {},
              "uuid": "3acd8ec8-b88d-4879-9321-266ecd3dbc9d",
              "parentUUID": "8f50c4b7-fe28-4a5f-8051-ec5180211039",
              "isHook": false,
              "skipped": false
            }
          ],
          "suites": [],
          "passes": [
            "e6fdb388-ed34-4383-85e4-9c1e2c85a8b4",
            "3acd8ec8-b88d-4879-9321-266ecd3dbc9d"
          ],
          "failures": [],
          "pending": [],
          "skipped": [],
          "duration": 374,
          "root": false,
          "rootEmpty": false,
          "_timeout": 2000
        },
        {
          "uuid": "0cddf8ad-b88e-40c0-beb3-8ae961371175",
          "title": "4 - Adicione à página um quadro de pixels, com 25 pixels.",
          "fullFile": "",
          "file": "",
          "beforeHooks": [],
          "afterHooks": [],
          "tests": [
            {
              "title": "Verifica se o quadro de pixels possui o `id` denominado `pixel-board`",
              "fullTitle": "4 - Adicione à página um quadro de pixels, com 25 pixels. Verifica se o quadro de pixels possui o `id` denominado `pixel-board`",
              "timedOut": null,
              "duration": 126,
              "state": "passed",
              "speed": "slow",
              "pass": true,
              "fail": false,
              "pending": false,
              "context": null,
              "code": "cy.get('#pixel-board').should('be.visible');",
              "err": {},
              "uuid": "ab670ac5-5a64-4503-b24f-bba4d591628e",
              "parentUUID": "0cddf8ad-b88e-40c0-beb3-8ae961371175",
              "isHook": false,
              "skipped": false
            },
            {
              "title": "Verifica se cada pixel individual dentro do quadro possui a `classe` denominada `pixel`.",
              "fullTitle": "4 - Adicione à página um quadro de pixels, com 25 pixels. Verifica se cada pixel individual dentro do quadro possui a `classe` denominada `pixel`.",
              "timedOut": null,
              "duration": 131,
              "state": "passed",
              "speed": "slow",
              "pass": true,
              "fail": false,
              "pending": false,
              "context": null,
              "code": "cy.get('.pixel').should('have.length', 25);",
              "err": {},
              "uuid": "b07a65d4-01fd-4e41-ae55-8da1ad72a52a",
              "parentUUID": "0cddf8ad-b88e-40c0-beb3-8ae961371175",
              "isHook": false,
              "skipped": false
            },
            {
              "title": "Verifica se a cor inicial dos pixels dentro do quadro, ao abrir a página, é branca.",
              "fullTitle": "4 - Adicione à página um quadro de pixels, com 25 pixels. Verifica se a cor inicial dos pixels dentro do quadro, ao abrir a página, é branca.",
              "timedOut": null,
              "duration": 203,
              "state": "passed",
              "speed": "slow",
              "pass": true,
              "fail": false,
              "pending": false,
              "context": null,
              "code": "cy.get('.pixel').should('have.length', 25).each(function (pixel) {\n  expect(pixel).to.have.css('background-color', WHITE);\n});",
              "err": {},
              "uuid": "29f43ea1-6161-4652-8fa0-d957eedc05f6",
              "parentUUID": "0cddf8ad-b88e-40c0-beb3-8ae961371175",
              "isHook": false,
              "skipped": false
            },
            {
              "title": "Verifica se o quadro de pixels aparece abaixo da paleta de cores",
              "fullTitle": "4 - Adicione à página um quadro de pixels, com 25 pixels. Verifica se o quadro de pixels aparece abaixo da paleta de cores",
              "timedOut": null,
              "duration": 110,
              "state": "passed",
              "speed": "slow",
              "pass": true,
              "fail": false,
              "pending": false,
              "context": null,
              "code": "cy.get('#color-palette').then(function (palette) {\n  cy.get('#pixel-board').should('be.belowOf', palette);\n});",
              "err": {},
              "uuid": "14c06bdb-01cf-40d6-a19b-d2b1d30d0ee2",
              "parentUUID": "0cddf8ad-b88e-40c0-beb3-8ae961371175",
              "isHook": false,
              "skipped": false
            }
          ],
          "suites": [],
          "passes": [
            "ab670ac5-5a64-4503-b24f-bba4d591628e",
            "b07a65d4-01fd-4e41-ae55-8da1ad72a52a",
            "29f43ea1-6161-4652-8fa0-d957eedc05f6",
            "14c06bdb-01cf-40d6-a19b-d2b1d30d0ee2"
          ],
          "failures": [],
          "pending": [],
          "skipped": [],
          "duration": 570,
          "root": false,
          "rootEmpty": false,
          "_timeout": 2000
        },
        {
          "uuid": "2c5cbcba-c3a9-46e2-936b-b93459bdd432",
          "title": "5 - Faça com que cada elemento do quadro de pixels possua 40 pixels de largura, 40 pixels de altura e seja delimitado por uma borda preta de 1 pixel.",
          "fullFile": "",
          "file": "",
          "beforeHooks": [],
          "afterHooks": [],
          "tests": [
            {
              "title": "Verifica se o quadro de pixels tem altura e comprimento de 5 elementos",
              "fullTitle": "5 - Faça com que cada elemento do quadro de pixels possua 40 pixels de largura, 40 pixels de altura e seja delimitado por uma borda preta de 1 pixel. Verifica se o quadro de pixels tem altura e comprimento de 5 elementos",
              "timedOut": null,
              "duration": 351,
              "state": "passed",
              "speed": "slow",
              "pass": true,
              "fail": false,
              "pending": false,
              "context": null,
              "code": "cy.get('.pixel').should('have.length', 25).each(function (pixel) {\n  expect(pixel).to.have.css('background-color', WHITE);\n}).and(function (pixels) {\n  var rows = chunk(pixels, 5);\n  rows.forEach(function (row) {\n    for (var index = 1; index < row.length; index += 1) {\n      var current = pixels[index];\n      var previous = pixels[index - 1];\n      cy.wrap(current).should('be.onTheRightOf', previous).and('be.horizontallyAlignedWith', previous);\n    }\n  });\n  for (var index = 1; index < 5; index += 1) {\n    expect(pixels[index * 5]).to.be.belowOf(pixels[(index - 1) * 5]);\n  }\n});",
              "err": {},
              "uuid": "b284337b-a8a4-442e-8f13-f11858e2975f",
              "parentUUID": "2c5cbcba-c3a9-46e2-936b-b93459bdd432",
              "isHook": false,
              "skipped": false
            },
            {
              "title": "Verifica se 40 pixels é o tamanho total do elemento, incluindo seu conteúdo e excluindo a borda preta, que deve ser criada à parte.",
              "fullTitle": "5 - Faça com que cada elemento do quadro de pixels possua 40 pixels de largura, 40 pixels de altura e seja delimitado por uma borda preta de 1 pixel. Verifica se 40 pixels é o tamanho total do elemento, incluindo seu conteúdo e excluindo a borda preta, que deve ser criada à parte.",
              "timedOut": null,
              "duration": 276,
              "state": "passed",
              "speed": "slow",
              "pass": true,
              "fail": false,
              "pending": false,
              "context": null,
              "code": "cy.get('.pixel').each(function (pixel) {\n  cy.wrap(pixel).should('have.css', 'height', '40px').and('have.css', 'width', '40px').and('have.css', 'border', \"1px solid \".concat(BLACK));\n});",
              "err": {},
              "uuid": "9d170e27-91be-4baf-8d51-cd84e3d39517",
              "parentUUID": "2c5cbcba-c3a9-46e2-936b-b93459bdd432",
              "isHook": false,
              "skipped": false
            }
          ],
          "suites": [],
          "passes": [
            "b284337b-a8a4-442e-8f13-f11858e2975f",
            "9d170e27-91be-4baf-8d51-cd84e3d39517"
          ],
          "failures": [],
          "pending": [],
          "skipped": [],
          "duration": 627,
          "root": false,
          "rootEmpty": false,
          "_timeout": 2000
        },
        {
          "uuid": "c9cc159c-a986-4ff8-ae8d-b8a1a06b2abf",
          "title": "6 - Defina a cor preta como cor inicial. Ao carregar a página a cor preta já deve estar selecionada para pintar os pixels",
          "fullFile": "",
          "file": "",
          "beforeHooks": [],
          "afterHooks": [],
          "tests": [
            {
              "title": "Verifica se o elemento da cor preta possui, inicialmente, a `classe` `selected`",
              "fullTitle": "6 - Defina a cor preta como cor inicial. Ao carregar a página a cor preta já deve estar selecionada para pintar os pixels Verifica se o elemento da cor preta possui, inicialmente, a `classe` `selected`",
              "timedOut": null,
              "duration": 149,
              "state": "passed",
              "speed": "slow",
              "pass": true,
              "fail": false,
              "pending": false,
              "context": null,
              "code": "cy.get('.selected').first().should('have.css', 'background-color', BLACK);",
              "err": {},
              "uuid": "57d53144-aa3a-4675-b498-8fef7f562fba",
              "parentUUID": "c9cc159c-a986-4ff8-ae8d-b8a1a06b2abf",
              "isHook": false,
              "skipped": false
            },
            {
              "title": "Verifica se nenhuma outra cor da paleta tem a `classe` `selected`",
              "fullTitle": "6 - Defina a cor preta como cor inicial. Ao carregar a página a cor preta já deve estar selecionada para pintar os pixels Verifica se nenhuma outra cor da paleta tem a `classe` `selected`",
              "timedOut": null,
              "duration": 101,
              "state": "passed",
              "speed": "slow",
              "pass": true,
              "fail": false,
              "pending": false,
              "context": null,
              "code": "cy.get('.color:not(:first-child)').each(function (color) {\n  cy.wrap(color).should('not.have.class', 'selected');\n});",
              "err": {},
              "uuid": "5d079f6d-02ec-4b5d-a5c4-4395195c4008",
              "parentUUID": "c9cc159c-a986-4ff8-ae8d-b8a1a06b2abf",
              "isHook": false,
              "skipped": false
            }
          ],
          "suites": [],
          "passes": [
            "57d53144-aa3a-4675-b498-8fef7f562fba",
            "5d079f6d-02ec-4b5d-a5c4-4395195c4008"
          ],
          "failures": [],
          "pending": [],
          "skipped": [],
          "duration": 250,
          "root": false,
          "rootEmpty": false,
          "_timeout": 2000
        },
        {
          "uuid": "08409a1e-8098-4498-a96c-1ad8d2b09cc9",
          "title": "7 - Clicar em uma das cores da paleta, faz com que ela seja selecionada e utilizada para preencher os pixels no quadro.",
          "fullFile": "",
          "file": "",
          "beforeHooks": [],
          "afterHooks": [],
          "tests": [
            {
              "title": "Verifica se somente uma cor da paleta de cores tem a classe `selected` de cada vez",
              "fullTitle": "7 - Clicar em uma das cores da paleta, faz com que ela seja selecionada e utilizada para preencher os pixels no quadro. Verifica se somente uma cor da paleta de cores tem a classe `selected` de cada vez",
              "timedOut": null,
              "duration": 493,
              "state": "passed",
              "speed": "slow",
              "pass": true,
              "fail": false,
              "pending": false,
              "context": null,
              "code": "cy.get('.color').each(function (selectedColor, selectedColorIndex) {\n  cy.wrap(selectedColor).click();\n  cy.get('.color').each(function (color, colorIndex) {\n    if (colorIndex === selectedColorIndex) {\n      expect(color).to.have[\"class\"]('selected');\n    } else {\n      expect(color).not.to.have[\"class\"]('selected');\n    }\n  });\n});",
              "err": {},
              "uuid": "a9b852fb-cb1e-4fa1-bb14-f72f6ad67594",
              "parentUUID": "08409a1e-8098-4498-a96c-1ad8d2b09cc9",
              "isHook": false,
              "skipped": false
            },
            {
              "title": "Verifica se os pixels dentro do quadro não têm a classe `selected` quando são clicados",
              "fullTitle": "7 - Clicar em uma das cores da paleta, faz com que ela seja selecionada e utilizada para preencher os pixels no quadro. Verifica se os pixels dentro do quadro não têm a classe `selected` quando são clicados",
              "timedOut": null,
              "duration": 9589,
              "state": "passed",
              "speed": "slow",
              "pass": true,
              "fail": false,
              "pending": false,
              "context": null,
              "code": "cy.get('.color').each(function (color) {\n  var backgroundColor = color.css('background-color');\n  cy.wrap(color).click();\n  cy.get('.pixel').each(function (pixel) {\n    cy.wrap(pixel).click().should('not.have.class', 'selected');\n  });\n});",
              "err": {},
              "uuid": "f10f5b8c-56bb-4910-a57d-29371583d3e7",
              "parentUUID": "08409a1e-8098-4498-a96c-1ad8d2b09cc9",
              "isHook": false,
              "skipped": false
            }
          ],
          "suites": [],
          "passes": [
            "a9b852fb-cb1e-4fa1-bb14-f72f6ad67594",
            "f10f5b8c-56bb-4910-a57d-29371583d3e7"
          ],
          "failures": [],
          "pending": [],
          "skipped": [],
          "duration": 10082,
          "root": false,
          "rootEmpty": false,
          "_timeout": 2000
        },
        {
          "uuid": "a7250d2e-0b72-4fec-94f7-815b4b6a43a8",
          "title": "8 - Clicar em um pixel dentro do quadro após selecionar uma cor na paleta, faz com que o pixel seja preenchido com a cor selecionada.",
          "fullFile": "",
          "file": "",
          "beforeHooks": [],
          "afterHooks": [],
          "tests": [
            {
              "title": "Verifica se ao carregar a página deve ser possível pintar os pixels de preto",
              "fullTitle": "8 - Clicar em um pixel dentro do quadro após selecionar uma cor na paleta, faz com que o pixel seja preenchido com a cor selecionada. Verifica se ao carregar a página deve ser possível pintar os pixels de preto",
              "timedOut": null,
              "duration": 2208,
              "state": "passed",
              "speed": "slow",
              "pass": true,
              "fail": false,
              "pending": false,
              "context": null,
              "code": "cy.get('.pixel').each(function (pixel) {\n  cy.wrap(pixel).click().should('have.css', 'background-color', BLACK);\n});",
              "err": {},
              "uuid": "6fefc458-327c-4e1b-bd8e-9b6e7750d3af",
              "parentUUID": "a7250d2e-0b72-4fec-94f7-815b4b6a43a8",
              "isHook": false,
              "skipped": false
            },
            {
              "title": "Verifica se após selecionar uma outra cor na paleta, é possível pintar os pixels com essa cor",
              "fullTitle": "8 - Clicar em um pixel dentro do quadro após selecionar uma cor na paleta, faz com que o pixel seja preenchido com a cor selecionada. Verifica se após selecionar uma outra cor na paleta, é possível pintar os pixels com essa cor",
              "timedOut": null,
              "duration": 9123,
              "state": "passed",
              "speed": "slow",
              "pass": true,
              "fail": false,
              "pending": false,
              "context": null,
              "code": "cy.get('.color').each(function (color) {\n  var backgroundColor = color.css('background-color');\n  cy.wrap(color).click();\n  cy.get('.pixel').each(function (pixel) {\n    cy.wrap(pixel).click().should('have.css', 'background-color', backgroundColor);\n  });\n});",
              "err": {},
              "uuid": "93c54475-6115-4201-a156-333dfbd8d3de",
              "parentUUID": "a7250d2e-0b72-4fec-94f7-815b4b6a43a8",
              "isHook": false,
              "skipped": false
            },
            {
              "title": "Verifica se somente o pixel que foi clicado foi preenchido com a cor selecionada, sem influenciar na cor dos demais pixels.",
              "fullTitle": "8 - Clicar em um pixel dentro do quadro após selecionar uma cor na paleta, faz com que o pixel seja preenchido com a cor selecionada. Verifica se somente o pixel que foi clicado foi preenchido com a cor selecionada, sem influenciar na cor dos demais pixels.",
              "timedOut": null,
              "duration": 1606,
              "state": "passed",
              "speed": "slow",
              "pass": true,
              "fail": false,
              "pending": false,
              "context": null,
              "code": "var colorToPixelIndexMap = {\n  0: 6,\n  1: 8,\n  2: 16,\n  3: 18\n};\ncy.get('.color').each(function (color, index) {\n  cy.wrap(color).click();\n  var backgroundColor = color.css('background-color');\n  var clickedPixelIndex = colorToPixelIndexMap[index];\n  cy.get('.pixel').eq(clickedPixelIndex).click();\n  cy.get('.pixel').eq(clickedPixelIndex - 1).should('not.have.css', 'background-color', backgroundColor);\n  cy.get('.pixel').eq(clickedPixelIndex + 1).should('not.have.css', 'background-color', backgroundColor);\n  cy.get('.pixel').eq(clickedPixelIndex - 5).should('not.have.css', 'background-color', backgroundColor);\n  cy.get('.pixel').eq(clickedPixelIndex + 5).should('not.have.css', 'background-color', backgroundColor);\n  cy.get('.pixel').eq(clickedPixelIndex - 6).should('not.have.css', 'background-color', backgroundColor);\n  cy.get('.pixel').eq(clickedPixelIndex - 4).should('not.have.css', 'background-color', backgroundColor);\n  cy.get('.pixel').eq(clickedPixelIndex + 4).should('not.have.css', 'background-color', backgroundColor);\n  cy.get('.pixel').eq(clickedPixelIndex + 6).should('not.have.css', 'background-color', backgroundColor);\n});",
              "err": {},
              "uuid": "b3b73c25-fe14-4f3a-8907-be59eb248811",
              "parentUUID": "a7250d2e-0b72-4fec-94f7-815b4b6a43a8",
              "isHook": false,
              "skipped": false
            }
          ],
          "suites": [],
          "passes": [
            "6fefc458-327c-4e1b-bd8e-9b6e7750d3af",
            "93c54475-6115-4201-a156-333dfbd8d3de",
            "b3b73c25-fe14-4f3a-8907-be59eb248811"
          ],
          "failures": [],
          "pending": [],
          "skipped": [],
          "duration": 12937,
          "root": false,
          "rootEmpty": false,
          "_timeout": 2000
        },
        {
          "uuid": "1a084e67-ac45-4c8f-9955-1b1654584c75",
          "title": "9 - Crie um botão que, ao ser clicado, limpa o quadro preenchendo a cor de todos seus pixels com branco.",
          "fullFile": "",
          "file": "",
          "beforeHooks": [],
          "afterHooks": [],
          "tests": [
            {
              "title": "Verifica se o botão tem o `id` denominado `clear-board`",
              "fullTitle": "9 - Crie um botão que, ao ser clicado, limpa o quadro preenchendo a cor de todos seus pixels com branco. Verifica se o botão tem o `id` denominado `clear-board`",
              "timedOut": null,
              "duration": 162,
              "state": "passed",
              "speed": "slow",
              "pass": true,
              "fail": false,
              "pending": false,
              "context": null,
              "code": "cy.get('#clear-board').should('be.visible');",
              "err": {},
              "uuid": "a5e4de32-7994-4679-86a9-1b837c9761b5",
              "parentUUID": "1a084e67-ac45-4c8f-9955-1b1654584c75",
              "isHook": false,
              "skipped": false
            },
            {
              "title": "Verifica se o botão está posicionado entre a paleta de cores e o quadro de pixels",
              "fullTitle": "9 - Crie um botão que, ao ser clicado, limpa o quadro preenchendo a cor de todos seus pixels com branco. Verifica se o botão está posicionado entre a paleta de cores e o quadro de pixels",
              "timedOut": null,
              "duration": 88,
              "state": "passed",
              "speed": "slow",
              "pass": true,
              "fail": false,
              "pending": false,
              "context": null,
              "code": "cy.get('#color-palette').then(function (palette) {\n  cy.get('#clear-board').should('be.belowOf', palette);\n});\ncy.get('#clear-board').then(function (clearBtn) {\n  cy.get('#pixel-board').should('be.belowOf', clearBtn);\n});",
              "err": {},
              "uuid": "afd681fe-978d-4ff1-9429-fd16d03d9ad9",
              "parentUUID": "1a084e67-ac45-4c8f-9955-1b1654584c75",
              "isHook": false,
              "skipped": false
            },
            {
              "title": "Verifica se o texto do botão é 'Limpar'",
              "fullTitle": "9 - Crie um botão que, ao ser clicado, limpa o quadro preenchendo a cor de todos seus pixels com branco. Verifica se o texto do botão é 'Limpar'",
              "timedOut": null,
              "duration": 78,
              "state": "passed",
              "speed": "slow",
              "pass": true,
              "fail": false,
              "pending": false,
              "context": null,
              "code": "cy.get('#clear-board').should('contain.text', 'Limpar');",
              "err": {},
              "uuid": "7cef3258-2a5d-422b-af34-fc87626d5950",
              "parentUUID": "1a084e67-ac45-4c8f-9955-1b1654584c75",
              "isHook": false,
              "skipped": false
            },
            {
              "title": "Verifica se ao clicar no botão, o quadro de pixels é totalmente preenchido de branco",
              "fullTitle": "9 - Crie um botão que, ao ser clicado, limpa o quadro preenchendo a cor de todos seus pixels com branco. Verifica se ao clicar no botão, o quadro de pixels é totalmente preenchido de branco",
              "timedOut": null,
              "duration": 6752,
              "state": "failed",
              "speed": null,
              "pass": false,
              "fail": true,
              "pending": false,
              "context": null,
              "code": "cy.get('.color').eq(1).then(function (color) {\n  var backgroundColor = color.css('background-color');\n  cy.wrap(color).click();\n  cy.get('.pixel').each(function (pixel) {\n    cy.wrap(pixel).click().should('have.css', 'background-color', backgroundColor);\n  });\n});\ncy.get('#clear-board').click();\ncy.get('.pixel').each(function (pixel) {\n  cy.wrap(pixel).should('have.css', 'background-color', WHITE);\n});",
              "err": {
                "message": "CypressError: Timed out retrying: expected '<div.pixel>' to have CSS property 'background-color' with the value 'rgb(255, 255, 255)', but the value was 'rgb(255, 255, 0)'",
                "estack": "CypressError: Timed out retrying: expected '<div.pixel>' to have CSS property 'background-color' with the value 'rgb(255, 255, 255)', but the value was 'rgb(255, 255, 0)'\n    at cypressErr (http://localhost:35159/__cypress/runner/cypress_runner.js:149934:9)\n    at throwErr (http://localhost:35159/__cypress/runner/cypress_runner.js:149867:11)\n    at Object.throwErrByPath (http://localhost:35159/__cypress/runner/cypress_runner.js:149915:3)\n    at retry (http://localhost:35159/__cypress/runner/cypress_runner.js:144197:19)\n    at onFailFn (http://localhost:35159/__cypress/runner/cypress_runner.js:132448:16)\n    at tryCatcher (http://localhost:35159/__cypress/runner/cypress_runner.js:167415:23)\n    at Promise._settlePromiseFromHandler (http://localhost:35159/__cypress/runner/cypress_runner.js:165351:31)\n    at Promise._settlePromise (http://localhost:35159/__cypress/runner/cypress_runner.js:165408:18)\n    at Promise._settlePromise0 (http://localhost:35159/__cypress/runner/cypress_runner.js:165453:10)\n    at Promise._settlePromises (http://localhost:35159/__cypress/runner/cypress_runner.js:165528:18)\n    at Async../node_modules/bluebird/js/release/async.js.Async._drainQueue (http://localhost:35159/__cypress/runner/cypress_runner.js:162140:16)\n    at Async../node_modules/bluebird/js/release/async.js.Async._drainQueues (http://localhost:35159/__cypress/runner/cypress_runner.js:162150:10)\n    at Async.drainQueues (http://localhost:35159/__cypress/runner/cypress_runner.js:162024:14)",
                "diff": null
              },
              "uuid": "a76605b9-8f03-460a-a34b-d1f753530099",
              "parentUUID": "1a084e67-ac45-4c8f-9955-1b1654584c75",
              "isHook": false,
              "skipped": false
            }
          ],
          "suites": [],
          "passes": [
            "a5e4de32-7994-4679-86a9-1b837c9761b5",
            "afd681fe-978d-4ff1-9429-fd16d03d9ad9",
            "7cef3258-2a5d-422b-af34-fc87626d5950"
          ],
          "failures": [
            "a76605b9-8f03-460a-a34b-d1f753530099"
          ],
          "pending": [],
          "skipped": [],
          "duration": 7080,
          "root": false,
          "rootEmpty": false,
          "_timeout": 2000
        },
        {
          "uuid": "84df2b46-adcd-483e-bf28-1d449f75a6f1",
          "title": "10 - Faça o quadro de pixels ter seu tamanho definido pelo usuário.",
          "fullFile": "",
          "file": "",
          "beforeHooks": [],
          "afterHooks": [],
          "tests": [
            {
              "title": "Verifica se existe um input com o id `board-size`",
              "fullTitle": "10 - Faça o quadro de pixels ter seu tamanho definido pelo usuário. Verifica se existe um input com o id `board-size`",
              "timedOut": null,
              "duration": 4442,
              "state": "failed",
              "speed": null,
              "pass": false,
              "fail": true,
              "pending": false,
              "context": null,
              "code": "cy.get('#board-size').should('be.visible');",
              "err": {
                "message": "CypressError: Timed out retrying: Expected to find element: '#board-size', but never found it.",
                "estack": "CypressError: Timed out retrying: Expected to find element: '#board-size', but never found it.\n    at cypressErr (http://localhost:35159/__cypress/runner/cypress_runner.js:149934:9)\n    at throwErr (http://localhost:35159/__cypress/runner/cypress_runner.js:149867:11)\n    at Object.throwErrByPath (http://localhost:35159/__cypress/runner/cypress_runner.js:149915:3)\n    at retry (http://localhost:35159/__cypress/runner/cypress_runner.js:144197:19)\n    at onFailFn (http://localhost:35159/__cypress/runner/cypress_runner.js:132448:16)\n    at tryCatcher (http://localhost:35159/__cypress/runner/cypress_runner.js:167415:23)\n    at Promise._settlePromiseFromHandler (http://localhost:35159/__cypress/runner/cypress_runner.js:165351:31)\n    at Promise._settlePromise (http://localhost:35159/__cypress/runner/cypress_runner.js:165408:18)\n    at Promise._settlePromise0 (http://localhost:35159/__cypress/runner/cypress_runner.js:165453:10)\n    at Promise._settlePromises (http://localhost:35159/__cypress/runner/cypress_runner.js:165528:18)\n    at Async../node_modules/bluebird/js/release/async.js.Async._drainQueue (http://localhost:35159/__cypress/runner/cypress_runner.js:162140:16)\n    at Async../node_modules/bluebird/js/release/async.js.Async._drainQueues (http://localhost:35159/__cypress/runner/cypress_runner.js:162150:10)\n    at Async.drainQueues (http://localhost:35159/__cypress/runner/cypress_runner.js:162024:14)",
                "diff": null
              },
              "uuid": "b471e74c-3de5-4dd5-8b67-864deaa1c074",
              "parentUUID": "84df2b46-adcd-483e-bf28-1d449f75a6f1",
              "isHook": false,
              "skipped": false
            },
            {
              "title": "Verifica se existe um botão com o id `generate-board`",
              "fullTitle": "10 - Faça o quadro de pixels ter seu tamanho definido pelo usuário. Verifica se existe um botão com o id `generate-board`",
              "timedOut": null,
              "duration": 4391,
              "state": "failed",
              "speed": null,
              "pass": false,
              "fail": true,
              "pending": false,
              "context": null,
              "code": "cy.get('#generate-board').should('be.visible');",
              "err": {
                "message": "CypressError: Timed out retrying: Expected to find element: '#generate-board', but never found it.",
                "estack": "CypressError: Timed out retrying: Expected to find element: '#generate-board', but never found it.\n    at cypressErr (http://localhost:35159/__cypress/runner/cypress_runner.js:149934:9)\n    at throwErr (http://localhost:35159/__cypress/runner/cypress_runner.js:149867:11)\n    at Object.throwErrByPath (http://localhost:35159/__cypress/runner/cypress_runner.js:149915:3)\n    at retry (http://localhost:35159/__cypress/runner/cypress_runner.js:144197:19)\n    at onFailFn (http://localhost:35159/__cypress/runner/cypress_runner.js:132448:16)\n    at tryCatcher (http://localhost:35159/__cypress/runner/cypress_runner.js:167415:23)\n    at Promise._settlePromiseFromHandler (http://localhost:35159/__cypress/runner/cypress_runner.js:165351:31)\n    at Promise._settlePromise (http://localhost:35159/__cypress/runner/cypress_runner.js:165408:18)\n    at Promise._settlePromise0 (http://localhost:35159/__cypress/runner/cypress_runner.js:165453:10)\n    at Promise._settlePromises (http://localhost:35159/__cypress/runner/cypress_runner.js:165528:18)\n    at Async../node_modules/bluebird/js/release/async.js.Async._drainQueue (http://localhost:35159/__cypress/runner/cypress_runner.js:162140:16)\n    at Async../node_modules/bluebird/js/release/async.js.Async._drainQueues (http://localhost:35159/__cypress/runner/cypress_runner.js:162150:10)\n    at Async.drainQueues (http://localhost:35159/__cypress/runner/cypress_runner.js:162024:14)",
                "diff": null
              },
              "uuid": "8a32a25b-18a1-4ae2-91d7-43d0601e9439",
              "parentUUID": "84df2b46-adcd-483e-bf28-1d449f75a6f1",
              "isHook": false,
              "skipped": false
            },
            {
              "title": "Verifica se o input só aceita número maiores que zero. Essa restrição deve ser feita usando os atributos do elemento `input`",
              "fullTitle": "10 - Faça o quadro de pixels ter seu tamanho definido pelo usuário. Verifica se o input só aceita número maiores que zero. Essa restrição deve ser feita usando os atributos do elemento `input`",
              "timedOut": null,
              "duration": 4499,
              "state": "failed",
              "speed": null,
              "pass": false,
              "fail": true,
              "pending": false,
              "context": null,
              "code": "cy.get('#board-size[type=\\'number\\'][min=\\'1\\']');",
              "err": {
                "message": "CypressError: Timed out retrying: Expected to find element: '#board-size[type='number'][min='1']', but never found it.",
                "estack": "CypressError: Timed out retrying: Expected to find element: '#board-size[type='number'][min='1']', but never found it.\n    at cypressErr (http://localhost:35159/__cypress/runner/cypress_runner.js:149934:9)\n    at throwErr (http://localhost:35159/__cypress/runner/cypress_runner.js:149867:11)\n    at Object.throwErrByPath (http://localhost:35159/__cypress/runner/cypress_runner.js:149915:3)\n    at retry (http://localhost:35159/__cypress/runner/cypress_runner.js:144197:19)\n    at onFailFn (http://localhost:35159/__cypress/runner/cypress_runner.js:132448:16)\n    at tryCatcher (http://localhost:35159/__cypress/runner/cypress_runner.js:167415:23)\n    at Promise._settlePromiseFromHandler (http://localhost:35159/__cypress/runner/cypress_runner.js:165351:31)\n    at Promise._settlePromise (http://localhost:35159/__cypress/runner/cypress_runner.js:165408:18)\n    at Promise._settlePromise0 (http://localhost:35159/__cypress/runner/cypress_runner.js:165453:10)\n    at Promise._settlePromises (http://localhost:35159/__cypress/runner/cypress_runner.js:165528:18)\n    at Async../node_modules/bluebird/js/release/async.js.Async._drainQueue (http://localhost:35159/__cypress/runner/cypress_runner.js:162140:16)\n    at Async../node_modules/bluebird/js/release/async.js.Async._drainQueues (http://localhost:35159/__cypress/runner/cypress_runner.js:162150:10)\n    at Async.drainQueues (http://localhost:35159/__cypress/runner/cypress_runner.js:162024:14)",
                "diff": null
              },
              "uuid": "227e258c-c2b7-41ab-b264-4c861113e4d6",
              "parentUUID": "84df2b46-adcd-483e-bf28-1d449f75a6f1",
              "isHook": false,
              "skipped": false
            },
            {
              "title": "Verifica se o botão contém o texto 'VQV'",
              "fullTitle": "10 - Faça o quadro de pixels ter seu tamanho definido pelo usuário. Verifica se o botão contém o texto 'VQV'",
              "timedOut": null,
              "duration": 4339,
              "state": "failed",
              "speed": null,
              "pass": false,
              "fail": true,
              "pending": false,
              "context": null,
              "code": "cy.get('#generate-board').contains(/vqv/i);",
              "err": {
                "message": "CypressError: Timed out retrying: Expected to find element: '#generate-board', but never found it.",
                "estack": "CypressError: Timed out retrying: Expected to find element: '#generate-board', but never found it.\n    at cypressErr (http://localhost:35159/__cypress/runner/cypress_runner.js:149934:9)\n    at throwErr (http://localhost:35159/__cypress/runner/cypress_runner.js:149867:11)\n    at Object.throwErrByPath (http://localhost:35159/__cypress/runner/cypress_runner.js:149915:3)\n    at retry (http://localhost:35159/__cypress/runner/cypress_runner.js:144197:19)\n    at onFailFn (http://localhost:35159/__cypress/runner/cypress_runner.js:132448:16)\n    at tryCatcher (http://localhost:35159/__cypress/runner/cypress_runner.js:167415:23)\n    at Promise._settlePromiseFromHandler (http://localhost:35159/__cypress/runner/cypress_runner.js:165351:31)\n    at Promise._settlePromise (http://localhost:35159/__cypress/runner/cypress_runner.js:165408:18)\n    at Promise._settlePromise0 (http://localhost:35159/__cypress/runner/cypress_runner.js:165453:10)\n    at Promise._settlePromises (http://localhost:35159/__cypress/runner/cypress_runner.js:165528:18)\n    at Async../node_modules/bluebird/js/release/async.js.Async._drainQueue (http://localhost:35159/__cypress/runner/cypress_runner.js:162140:16)\n    at Async../node_modules/bluebird/js/release/async.js.Async._drainQueues (http://localhost:35159/__cypress/runner/cypress_runner.js:162150:10)\n    at Async.drainQueues (http://localhost:35159/__cypress/runner/cypress_runner.js:162024:14)",
                "diff": null
              },
              "uuid": "cb05548a-2461-4aa1-b33e-bc8c115d845d",
              "parentUUID": "84df2b46-adcd-483e-bf28-1d449f75a6f1",
              "isHook": false,
              "skipped": false
            },
            {
              "title": "Verifica se o input está posicionado entre a paleta de cores e o quadro de pixels",
              "fullTitle": "10 - Faça o quadro de pixels ter seu tamanho definido pelo usuário. Verifica se o input está posicionado entre a paleta de cores e o quadro de pixels",
              "timedOut": null,
              "duration": 4349,
              "state": "failed",
              "speed": null,
              "pass": false,
              "fail": true,
              "pending": false,
              "context": null,
              "code": "cy.get('#color-palette').then(function (palette) {\n  cy.get('#board-size').should('be.belowOf', palette);\n});\ncy.get('#board-size').then(function (palette) {\n  cy.get('#pixel-board').should('be.belowOf', palette);\n});",
              "err": {
                "message": "CypressError: Timed out retrying: Expected to find element: '#board-size', but never found it.",
                "estack": "CypressError: Timed out retrying: Expected to find element: '#board-size', but never found it.\n    at cypressErr (http://localhost:35159/__cypress/runner/cypress_runner.js:149934:9)\n    at throwErr (http://localhost:35159/__cypress/runner/cypress_runner.js:149867:11)\n    at Object.throwErrByPath (http://localhost:35159/__cypress/runner/cypress_runner.js:149915:3)\n    at retry (http://localhost:35159/__cypress/runner/cypress_runner.js:144197:19)\n    at onFailFn (http://localhost:35159/__cypress/runner/cypress_runner.js:132448:16)\n    at tryCatcher (http://localhost:35159/__cypress/runner/cypress_runner.js:167415:23)\n    at Promise._settlePromiseFromHandler (http://localhost:35159/__cypress/runner/cypress_runner.js:165351:31)\n    at Promise._settlePromise (http://localhost:35159/__cypress/runner/cypress_runner.js:165408:18)\n    at Promise._settlePromise0 (http://localhost:35159/__cypress/runner/cypress_runner.js:165453:10)\n    at Promise._settlePromises (http://localhost:35159/__cypress/runner/cypress_runner.js:165528:18)\n    at Async../node_modules/bluebird/js/release/async.js.Async._drainQueue (http://localhost:35159/__cypress/runner/cypress_runner.js:162140:16)\n    at Async../node_modules/bluebird/js/release/async.js.Async._drainQueues (http://localhost:35159/__cypress/runner/cypress_runner.js:162150:10)\n    at Async.drainQueues (http://localhost:35159/__cypress/runner/cypress_runner.js:162024:14)",
                "diff": null
              },
              "uuid": "0249cbd1-f0a5-47bc-af37-dd3f89e8d7b1",
              "parentUUID": "84df2b46-adcd-483e-bf28-1d449f75a6f1",
              "isHook": false,
              "skipped": false
            },
            {
              "title": "Verifica se o botão está posicionado ao lado do input",
              "fullTitle": "10 - Faça o quadro de pixels ter seu tamanho definido pelo usuário. Verifica se o botão está posicionado ao lado do input",
              "timedOut": null,
              "duration": 4319,
              "state": "failed",
              "speed": null,
              "pass": false,
              "fail": true,
              "pending": false,
              "context": null,
              "code": "cy.get('#board-size').then(function (board) {\n  cy.get('#generate-board').should('be.onTheRightOf', board);\n});",
              "err": {
                "message": "CypressError: Timed out retrying: Expected to find element: '#board-size', but never found it.",
                "estack": "CypressError: Timed out retrying: Expected to find element: '#board-size', but never found it.\n    at cypressErr (http://localhost:35159/__cypress/runner/cypress_runner.js:149934:9)\n    at throwErr (http://localhost:35159/__cypress/runner/cypress_runner.js:149867:11)\n    at Object.throwErrByPath (http://localhost:35159/__cypress/runner/cypress_runner.js:149915:3)\n    at retry (http://localhost:35159/__cypress/runner/cypress_runner.js:144197:19)\n    at onFailFn (http://localhost:35159/__cypress/runner/cypress_runner.js:132448:16)\n    at tryCatcher (http://localhost:35159/__cypress/runner/cypress_runner.js:167415:23)\n    at Promise._settlePromiseFromHandler (http://localhost:35159/__cypress/runner/cypress_runner.js:165351:31)\n    at Promise._settlePromise (http://localhost:35159/__cypress/runner/cypress_runner.js:165408:18)\n    at Promise._settlePromise0 (http://localhost:35159/__cypress/runner/cypress_runner.js:165453:10)\n    at Promise._settlePromises (http://localhost:35159/__cypress/runner/cypress_runner.js:165528:18)\n    at Async../node_modules/bluebird/js/release/async.js.Async._drainQueue (http://localhost:35159/__cypress/runner/cypress_runner.js:162140:16)\n    at Async../node_modules/bluebird/js/release/async.js.Async._drainQueues (http://localhost:35159/__cypress/runner/cypress_runner.js:162150:10)\n    at Async.drainQueues (http://localhost:35159/__cypress/runner/cypress_runner.js:162024:14)",
                "diff": null
              },
              "uuid": "d30dddc1-99ef-4857-833c-850e8b2b6560",
              "parentUUID": "84df2b46-adcd-483e-bf28-1d449f75a6f1",
              "isHook": false,
              "skipped": false
            },
            {
              "title": "Verifica se nenhum valor for colocado no input ao clicar no botão, um `alert` é exibido com o texto: 'Board inválido!'",
              "fullTitle": "10 - Faça o quadro de pixels ter seu tamanho definido pelo usuário. Verifica se nenhum valor for colocado no input ao clicar no botão, um `alert` é exibido com o texto: 'Board inválido!'",
              "timedOut": null,
              "duration": 4525,
              "state": "failed",
              "speed": null,
              "pass": false,
              "fail": true,
              "pending": false,
              "context": null,
              "code": "var alerted = false;\ncy.on('window:alert', function (msg) {\n  return alerted = msg;\n});\ncy.get('#generate-board').click().then(function () {\n  return expect(alerted).to.match(/Board inválido!/i);\n});",
              "err": {
                "message": "CypressError: Timed out retrying: Expected to find element: '#generate-board', but never found it.",
                "estack": "CypressError: Timed out retrying: Expected to find element: '#generate-board', but never found it.\n    at cypressErr (http://localhost:35159/__cypress/runner/cypress_runner.js:149934:9)\n    at throwErr (http://localhost:35159/__cypress/runner/cypress_runner.js:149867:11)\n    at Object.throwErrByPath (http://localhost:35159/__cypress/runner/cypress_runner.js:149915:3)\n    at retry (http://localhost:35159/__cypress/runner/cypress_runner.js:144197:19)\n    at onFailFn (http://localhost:35159/__cypress/runner/cypress_runner.js:132448:16)\n    at tryCatcher (http://localhost:35159/__cypress/runner/cypress_runner.js:167415:23)\n    at Promise._settlePromiseFromHandler (http://localhost:35159/__cypress/runner/cypress_runner.js:165351:31)\n    at Promise._settlePromise (http://localhost:35159/__cypress/runner/cypress_runner.js:165408:18)\n    at Promise._settlePromise0 (http://localhost:35159/__cypress/runner/cypress_runner.js:165453:10)\n    at Promise._settlePromises (http://localhost:35159/__cypress/runner/cypress_runner.js:165528:18)\n    at Async../node_modules/bluebird/js/release/async.js.Async._drainQueue (http://localhost:35159/__cypress/runner/cypress_runner.js:162140:16)\n    at Async../node_modules/bluebird/js/release/async.js.Async._drainQueues (http://localhost:35159/__cypress/runner/cypress_runner.js:162150:10)\n    at Async.drainQueues (http://localhost:35159/__cypress/runner/cypress_runner.js:162024:14)",
                "diff": null
              },
              "uuid": "c8c6244c-8be0-4f79-94ba-7eb30693bd95",
              "parentUUID": "84df2b46-adcd-483e-bf28-1d449f75a6f1",
              "isHook": false,
              "skipped": false
            },
            {
              "title": "Verifica se ao clicar no botão com um valor preenchido, o tamanho do board muda.",
              "fullTitle": "10 - Faça o quadro de pixels ter seu tamanho definido pelo usuário. Verifica se ao clicar no botão com um valor preenchido, o tamanho do board muda.",
              "timedOut": null,
              "duration": 4495,
              "state": "failed",
              "speed": null,
              "pass": false,
              "fail": true,
              "pending": false,
              "context": null,
              "code": "cy.get('#board-size').clear().type(10);\ncy.get('#generate-board').click();\ncy.get('.pixel').should('have.length', 100);",
              "err": {
                "message": "CypressError: Timed out retrying: Expected to find element: '#board-size', but never found it.",
                "estack": "CypressError: Timed out retrying: Expected to find element: '#board-size', but never found it.\n    at cypressErr (http://localhost:35159/__cypress/runner/cypress_runner.js:149934:9)\n    at throwErr (http://localhost:35159/__cypress/runner/cypress_runner.js:149867:11)\n    at Object.throwErrByPath (http://localhost:35159/__cypress/runner/cypress_runner.js:149915:3)\n    at retry (http://localhost:35159/__cypress/runner/cypress_runner.js:144197:19)\n    at onFailFn (http://localhost:35159/__cypress/runner/cypress_runner.js:132448:16)\n    at tryCatcher (http://localhost:35159/__cypress/runner/cypress_runner.js:167415:23)\n    at Promise._settlePromiseFromHandler (http://localhost:35159/__cypress/runner/cypress_runner.js:165351:31)\n    at Promise._settlePromise (http://localhost:35159/__cypress/runner/cypress_runner.js:165408:18)\n    at Promise._settlePromise0 (http://localhost:35159/__cypress/runner/cypress_runner.js:165453:10)\n    at Promise._settlePromises (http://localhost:35159/__cypress/runner/cypress_runner.js:165528:18)\n    at Async../node_modules/bluebird/js/release/async.js.Async._drainQueue (http://localhost:35159/__cypress/runner/cypress_runner.js:162140:16)\n    at Async../node_modules/bluebird/js/release/async.js.Async._drainQueues (http://localhost:35159/__cypress/runner/cypress_runner.js:162150:10)\n    at Async.drainQueues (http://localhost:35159/__cypress/runner/cypress_runner.js:162024:14)",
                "diff": null
              },
              "uuid": "fa89b062-5f37-4c6b-a463-801c383d417a",
              "parentUUID": "84df2b46-adcd-483e-bf28-1d449f75a6f1",
              "isHook": false,
              "skipped": false
            },
            {
              "title": "Verifica se o novo quadro tem todos os pixels preenchidos com a cor branca",
              "fullTitle": "10 - Faça o quadro de pixels ter seu tamanho definido pelo usuário. Verifica se o novo quadro tem todos os pixels preenchidos com a cor branca",
              "timedOut": null,
              "duration": 4362,
              "state": "failed",
              "speed": null,
              "pass": false,
              "fail": true,
              "pending": false,
              "context": null,
              "code": "cy.get('#board-size').clear().type(6);\ncy.get('#generate-board').click();\ncy.get('.pixel').should('have.length', 36).each(function (pixel) {\n  expect(pixel).to.have.css('background-color', WHITE);\n});",
              "err": {
                "message": "CypressError: Timed out retrying: Expected to find element: '#board-size', but never found it.",
                "estack": "CypressError: Timed out retrying: Expected to find element: '#board-size', but never found it.\n    at cypressErr (http://localhost:35159/__cypress/runner/cypress_runner.js:149934:9)\n    at throwErr (http://localhost:35159/__cypress/runner/cypress_runner.js:149867:11)\n    at Object.throwErrByPath (http://localhost:35159/__cypress/runner/cypress_runner.js:149915:3)\n    at retry (http://localhost:35159/__cypress/runner/cypress_runner.js:144197:19)\n    at onFailFn (http://localhost:35159/__cypress/runner/cypress_runner.js:132448:16)\n    at tryCatcher (http://localhost:35159/__cypress/runner/cypress_runner.js:167415:23)\n    at Promise._settlePromiseFromHandler (http://localhost:35159/__cypress/runner/cypress_runner.js:165351:31)\n    at Promise._settlePromise (http://localhost:35159/__cypress/runner/cypress_runner.js:165408:18)\n    at Promise._settlePromise0 (http://localhost:35159/__cypress/runner/cypress_runner.js:165453:10)\n    at Promise._settlePromises (http://localhost:35159/__cypress/runner/cypress_runner.js:165528:18)\n    at Async../node_modules/bluebird/js/release/async.js.Async._drainQueue (http://localhost:35159/__cypress/runner/cypress_runner.js:162140:16)\n    at Async../node_modules/bluebird/js/release/async.js.Async._drainQueues (http://localhost:35159/__cypress/runner/cypress_runner.js:162150:10)\n    at Async.drainQueues (http://localhost:35159/__cypress/runner/cypress_runner.js:162024:14)",
                "diff": null
              },
              "uuid": "afee2553-d88f-4106-9e34-35ea25d3b5d2",
              "parentUUID": "84df2b46-adcd-483e-bf28-1d449f75a6f1",
              "isHook": false,
              "skipped": false
            }
          ],
          "suites": [],
          "passes": [],
          "failures": [
            "b471e74c-3de5-4dd5-8b67-864deaa1c074",
            "8a32a25b-18a1-4ae2-91d7-43d0601e9439",
            "227e258c-c2b7-41ab-b264-4c861113e4d6",
            "cb05548a-2461-4aa1-b33e-bc8c115d845d",
            "0249cbd1-f0a5-47bc-af37-dd3f89e8d7b1",
            "d30dddc1-99ef-4857-833c-850e8b2b6560",
            "c8c6244c-8be0-4f79-94ba-7eb30693bd95",
            "fa89b062-5f37-4c6b-a463-801c383d417a",
            "afee2553-d88f-4106-9e34-35ea25d3b5d2"
          ],
          "pending": [],
          "skipped": [],
          "duration": 39721,
          "root": false,
          "rootEmpty": false,
          "_timeout": 2000
        },
        {
          "uuid": "2e946864-dd5d-4c58-b2c4-99f4132da896",
          "title": "11 - Limite o tamanho mínimo e máximo do board.",
          "fullFile": "",
          "file": "",
          "beforeHooks": [],
          "afterHooks": [],
          "tests": [
            {
              "title": "Verifica se a altura máxima do board é 50",
              "fullTitle": "11 - Limite o tamanho mínimo e máximo do board. Verifica se a altura máxima do board é 50",
              "timedOut": null,
              "duration": 4476,
              "state": "failed",
              "speed": null,
              "pass": false,
              "fail": true,
              "pending": false,
              "context": null,
              "code": "cy.get('#board-size').clear().type(50);\ncy.get('#generate-board').click();\ncy.get('.pixel').should('have.length', 2500);",
              "err": {
                "message": "CypressError: Timed out retrying: Expected to find element: '#board-size', but never found it.",
                "estack": "CypressError: Timed out retrying: Expected to find element: '#board-size', but never found it.\n    at cypressErr (http://localhost:35159/__cypress/runner/cypress_runner.js:149934:9)\n    at throwErr (http://localhost:35159/__cypress/runner/cypress_runner.js:149867:11)\n    at Object.throwErrByPath (http://localhost:35159/__cypress/runner/cypress_runner.js:149915:3)\n    at retry (http://localhost:35159/__cypress/runner/cypress_runner.js:144197:19)\n    at onFailFn (http://localhost:35159/__cypress/runner/cypress_runner.js:132448:16)\n    at tryCatcher (http://localhost:35159/__cypress/runner/cypress_runner.js:167415:23)\n    at Promise._settlePromiseFromHandler (http://localhost:35159/__cypress/runner/cypress_runner.js:165351:31)\n    at Promise._settlePromise (http://localhost:35159/__cypress/runner/cypress_runner.js:165408:18)\n    at Promise._settlePromise0 (http://localhost:35159/__cypress/runner/cypress_runner.js:165453:10)\n    at Promise._settlePromises (http://localhost:35159/__cypress/runner/cypress_runner.js:165528:18)\n    at Async../node_modules/bluebird/js/release/async.js.Async._drainQueue (http://localhost:35159/__cypress/runner/cypress_runner.js:162140:16)\n    at Async../node_modules/bluebird/js/release/async.js.Async._drainQueues (http://localhost:35159/__cypress/runner/cypress_runner.js:162150:10)\n    at Async.drainQueues (http://localhost:35159/__cypress/runner/cypress_runner.js:162024:14)",
                "diff": null
              },
              "uuid": "d081aa47-0324-49a8-ab62-152c2ad63bce",
              "parentUUID": "2e946864-dd5d-4c58-b2c4-99f4132da896",
              "isHook": false,
              "skipped": false
            },
            {
              "title": "Verifica se a altura do board é 5 quando um valor menor é colocado no input",
              "fullTitle": "11 - Limite o tamanho mínimo e máximo do board. Verifica se a altura do board é 5 quando um valor menor é colocado no input",
              "timedOut": null,
              "duration": 4445,
              "state": "failed",
              "speed": null,
              "pass": false,
              "fail": true,
              "pending": false,
              "context": null,
              "code": "cy.get('#board-size').clear().type(4);\ncy.get('#generate-board').click();\ncy.get('.pixel').should('have.length', 25);",
              "err": {
                "message": "CypressError: Timed out retrying: Expected to find element: '#board-size', but never found it.",
                "estack": "CypressError: Timed out retrying: Expected to find element: '#board-size', but never found it.\n    at cypressErr (http://localhost:35159/__cypress/runner/cypress_runner.js:149934:9)\n    at throwErr (http://localhost:35159/__cypress/runner/cypress_runner.js:149867:11)\n    at Object.throwErrByPath (http://localhost:35159/__cypress/runner/cypress_runner.js:149915:3)\n    at retry (http://localhost:35159/__cypress/runner/cypress_runner.js:144197:19)\n    at onFailFn (http://localhost:35159/__cypress/runner/cypress_runner.js:132448:16)\n    at tryCatcher (http://localhost:35159/__cypress/runner/cypress_runner.js:167415:23)\n    at Promise._settlePromiseFromHandler (http://localhost:35159/__cypress/runner/cypress_runner.js:165351:31)\n    at Promise._settlePromise (http://localhost:35159/__cypress/runner/cypress_runner.js:165408:18)\n    at Promise._settlePromise0 (http://localhost:35159/__cypress/runner/cypress_runner.js:165453:10)\n    at Promise._settlePromises (http://localhost:35159/__cypress/runner/cypress_runner.js:165528:18)\n    at Async../node_modules/bluebird/js/release/async.js.Async._drainQueue (http://localhost:35159/__cypress/runner/cypress_runner.js:162140:16)\n    at Async../node_modules/bluebird/js/release/async.js.Async._drainQueues (http://localhost:35159/__cypress/runner/cypress_runner.js:162150:10)\n    at Async.drainQueues (http://localhost:35159/__cypress/runner/cypress_runner.js:162024:14)",
                "diff": null
              },
              "uuid": "898992ed-491b-4f28-8ae4-d5352e94e472",
              "parentUUID": "2e946864-dd5d-4c58-b2c4-99f4132da896",
              "isHook": false,
              "skipped": false
            },
            {
              "title": "Verifica se a altura do board é 50 quando um valor maior é colocado no input",
              "fullTitle": "11 - Limite o tamanho mínimo e máximo do board. Verifica se a altura do board é 50 quando um valor maior é colocado no input",
              "timedOut": null,
              "duration": 4480,
              "state": "failed",
              "speed": null,
              "pass": false,
              "fail": true,
              "pending": false,
              "context": null,
              "code": "cy.get('#board-size').clear().type(51);\ncy.get('#generate-board').click();\ncy.get('.pixel').should('have.length', 2500);",
              "err": {
                "message": "CypressError: Timed out retrying: Expected to find element: '#board-size', but never found it.",
                "estack": "CypressError: Timed out retrying: Expected to find element: '#board-size', but never found it.\n    at cypressErr (http://localhost:35159/__cypress/runner/cypress_runner.js:149934:9)\n    at throwErr (http://localhost:35159/__cypress/runner/cypress_runner.js:149867:11)\n    at Object.throwErrByPath (http://localhost:35159/__cypress/runner/cypress_runner.js:149915:3)\n    at retry (http://localhost:35159/__cypress/runner/cypress_runner.js:144197:19)\n    at onFailFn (http://localhost:35159/__cypress/runner/cypress_runner.js:132448:16)\n    at tryCatcher (http://localhost:35159/__cypress/runner/cypress_runner.js:167415:23)\n    at Promise._settlePromiseFromHandler (http://localhost:35159/__cypress/runner/cypress_runner.js:165351:31)\n    at Promise._settlePromise (http://localhost:35159/__cypress/runner/cypress_runner.js:165408:18)\n    at Promise._settlePromise0 (http://localhost:35159/__cypress/runner/cypress_runner.js:165453:10)\n    at Promise._settlePromises (http://localhost:35159/__cypress/runner/cypress_runner.js:165528:18)\n    at Async../node_modules/bluebird/js/release/async.js.Async._drainQueue (http://localhost:35159/__cypress/runner/cypress_runner.js:162140:16)\n    at Async../node_modules/bluebird/js/release/async.js.Async._drainQueues (http://localhost:35159/__cypress/runner/cypress_runner.js:162150:10)\n    at Async.drainQueues (http://localhost:35159/__cypress/runner/cypress_runner.js:162024:14)",
                "diff": null
              },
              "uuid": "80575af9-ec80-48d0-9918-1e5dc8bdf3f4",
              "parentUUID": "2e946864-dd5d-4c58-b2c4-99f4132da896",
              "isHook": false,
              "skipped": false
            }
          ],
          "suites": [],
          "passes": [],
          "failures": [
            "d081aa47-0324-49a8-ab62-152c2ad63bce",
            "898992ed-491b-4f28-8ae4-d5352e94e472",
            "80575af9-ec80-48d0-9918-1e5dc8bdf3f4"
          ],
          "pending": [],
          "skipped": [],
          "duration": 13401,
          "root": false,
          "rootEmpty": false,
          "_timeout": 2000
        },
        {
          "uuid": "95d26ca3-7131-42f5-a985-c09d32b50af1",
          "title": "12 - Faça com que as cores da paleta sejam geradas aleatoriamente ao carregar a página.",
          "fullFile": "",
          "file": "",
          "beforeHooks": [],
          "afterHooks": [],
          "tests": [
            {
              "title": "Verifica se as cores geradas na paleta são diferentes a cada carregamento da página",
              "fullTitle": "12 - Faça com que as cores da paleta sejam geradas aleatoriamente ao carregar a página. Verifica se as cores geradas na paleta são diferentes a cada carregamento da página",
              "timedOut": null,
              "duration": 449,
              "state": "failed",
              "speed": null,
              "pass": false,
              "fail": true,
              "pending": false,
              "context": null,
              "code": "cy.get('.color').then(function (colors) {\n  var currentColors;\n  var previousColors;\n  previousColors = Array.from(colors).map(function (color) {\n    return Cypress.$(color).css('background-color');\n  });\n  for (var i = 0; i < 5; i += 1) {\n    cy.reload();\n    cy.get('.color').then(function (colors) {\n      currentColors = Array.from(colors).map(function (color) {\n        return Cypress.$(color).css('background-color');\n      });\n      expect(currentColors).not.to.deep.equal(previousColors);\n      previousColors = currentColors;\n    });\n  }\n});",
              "err": {
                "message": "AssertionError: expected [ Array(4) ] to not deeply equal [ Array(4) ]",
                "estack": "AssertionError: expected [ Array(4) ] to not deeply equal [ Array(4) ]\n    at getRet (http://localhost:35159/__cypress/runner/cypress_runner.js:136585:16)\n    at tryCatcher (http://localhost:35159/__cypress/runner/cypress_runner.js:167415:23)\n    at Function.Promise.attempt.Promise.try (http://localhost:35159/__cypress/runner/cypress_runner.js:164690:29)\n    at Context.thenFn (http://localhost:35159/__cypress/runner/cypress_runner.js:136599:23)\n    at Context.then (http://localhost:35159/__cypress/runner/cypress_runner.js:136971:21)\n    at Context.<anonymous> (http://localhost:35159/__cypress/runner/cypress_runner.js:148875:21)\n    at http://localhost:35159/__cypress/runner/cypress_runner.js:148351:33\n    at tryCatcher (http://localhost:35159/__cypress/runner/cypress_runner.js:167415:23)\n    at Promise._settlePromiseFromHandler (http://localhost:35159/__cypress/runner/cypress_runner.js:165351:31)\n    at Promise._settlePromise (http://localhost:35159/__cypress/runner/cypress_runner.js:165408:18)\n    at Promise._settlePromiseCtx (http://localhost:35159/__cypress/runner/cypress_runner.js:165445:10)\n    at Async../node_modules/bluebird/js/release/async.js.Async._drainQueue (http://localhost:35159/__cypress/runner/cypress_runner.js:162145:12)\n    at Async../node_modules/bluebird/js/release/async.js.Async._drainQueues (http://localhost:35159/__cypress/runner/cypress_runner.js:162150:10)\n    at Async.drainQueues (http://localhost:35159/__cypress/runner/cypress_runner.js:162024:14)",
                "diff": ""
              },
              "uuid": "308f3967-e136-4495-87ab-be9e6c8700c3",
              "parentUUID": "95d26ca3-7131-42f5-a985-c09d32b50af1",
              "isHook": false,
              "skipped": false
            },
            {
              "title": "Verifica se a cor preta ainda está presente e é a primeira na sua paleta de cores",
              "fullTitle": "12 - Faça com que as cores da paleta sejam geradas aleatoriamente ao carregar a página. Verifica se a cor preta ainda está presente e é a primeira na sua paleta de cores",
              "timedOut": null,
              "duration": 585,
              "state": "failed",
              "speed": null,
              "pass": false,
              "fail": true,
              "pending": false,
              "context": null,
              "code": "cy.get('.color').then(function (colors) {\n  var currentColors;\n  var previousColors;\n  previousColors = Array.from(colors).map(function (color) {\n    return Cypress.$(color).css('background-color');\n  });\n  expect(previousColors[0]).to.eq(BLACK);\n  for (var i = 0; i < 5; i += 1) {\n    cy.reload();\n    cy.get('.color').then(function (colors) {\n      currentColors = Array.from(colors).map(function (color) {\n        return Cypress.$(color).css('background-color');\n      });\n      expect(currentColors[0]).to.eq(BLACK);\n      expect(currentColors).not.to.deep.equal(previousColors);\n      previousColors = currentColors;\n    });\n  }\n});",
              "err": {
                "message": "AssertionError: expected [ Array(4) ] to not deeply equal [ Array(4) ]",
                "estack": "AssertionError: expected [ Array(4) ] to not deeply equal [ Array(4) ]\n    at getRet (http://localhost:35159/__cypress/runner/cypress_runner.js:136585:16)\n    at tryCatcher (http://localhost:35159/__cypress/runner/cypress_runner.js:167415:23)\n    at Function.Promise.attempt.Promise.try (http://localhost:35159/__cypress/runner/cypress_runner.js:164690:29)\n    at Context.thenFn (http://localhost:35159/__cypress/runner/cypress_runner.js:136599:23)\n    at Context.then (http://localhost:35159/__cypress/runner/cypress_runner.js:136971:21)\n    at Context.<anonymous> (http://localhost:35159/__cypress/runner/cypress_runner.js:148875:21)\n    at http://localhost:35159/__cypress/runner/cypress_runner.js:148351:33\n    at tryCatcher (http://localhost:35159/__cypress/runner/cypress_runner.js:167415:23)\n    at Promise._settlePromiseFromHandler (http://localhost:35159/__cypress/runner/cypress_runner.js:165351:31)\n    at Promise._settlePromise (http://localhost:35159/__cypress/runner/cypress_runner.js:165408:18)\n    at Promise._settlePromiseCtx (http://localhost:35159/__cypress/runner/cypress_runner.js:165445:10)\n    at Async../node_modules/bluebird/js/release/async.js.Async._drainQueue (http://localhost:35159/__cypress/runner/cypress_runner.js:162145:12)\n    at Async../node_modules/bluebird/js/release/async.js.Async._drainQueues (http://localhost:35159/__cypress/runner/cypress_runner.js:162150:10)\n    at Async.drainQueues (http://localhost:35159/__cypress/runner/cypress_runner.js:162024:14)",
                "diff": ""
              },
              "uuid": "70d2b363-f7d4-4816-b1a0-00b3b16fb746",
              "parentUUID": "95d26ca3-7131-42f5-a985-c09d32b50af1",
              "isHook": false,
              "skipped": false
            }
          ],
          "suites": [],
          "passes": [],
          "failures": [
            "308f3967-e136-4495-87ab-be9e6c8700c3",
            "70d2b363-f7d4-4816-b1a0-00b3b16fb746"
          ],
          "pending": [],
          "skipped": [],
          "duration": 1034,
          "root": false,
          "rootEmpty": false,
          "_timeout": 2000
        }
      ],
      "passes": [],
      "failures": [],
      "pending": [],
      "skipped": [],
      "duration": 0,
      "root": true,
      "rootEmpty": true,
      "_timeout": 2000
    }
  ],
  "meta": {
    "mocha": {
      "version": "7.0.1"
    },
    "mochawesome": {
      "options": {
        "quiet": false,
        "reportFilename": "mochawesome",
        "saveHtml": false,
        "saveJson": true,
        "consoleReporter": "spec",
        "useInlineDiffs": false
      },
      "version": "4.1.0"
    },
    "marge": {
      "options": {
        "id": "default",
        "reportDir": "cypress/reports",
        "overwrite": true,
        "html": false,
        "json": true
      },
      "version": "4.1.0"
    }
  }
}